--- Run POPS on all structures.
for X in  c9 zy tw j0 m7 sp ol hk fe ab 7g 21 56 d4 zs c3 sz ha of ah fo sn ti zg v2 hu or q5 tc sd zm fq x6 av ox v8 19 80 ki ln eg pr n5 i2 wu ld kc em bj yq g6 i8 px 64 13 ey r7 lp kw u0 wk pl ye bt es lz pf wa yo ry k9 e7 b0 gl ib ne 32 45 38 ut k3 l4 rs gf no ih 6p rg gr y5 rm uj w1 iv nq p6 gx 99 77 00 dn ci mg a2 xr f5 cc dd jj mm qq o6 h1 vv xx a8 2a 93 t9 my cw z7 dp xl qe vb s4 ms jt t3 dz xf vh qo z0 dw cp s9 jy ve qb xk cz js t4 s3 mt qh vo xa 07 70 jg cn di xu f2 a5 mj jm dc cd f8 h6 vq qv o1 94 ug gu y2 um rj y8 nv p1 w6 iq 8s b7 e0 uy l9 nb ie gk 42 35 8g 48 l3 rt us k4 io nh ga kp u7 r0 lw by yb pk wl kz et bs yh wf pa 87 69 bg li kn i5 wr pu n2 bm ej kd lc n8 wx yv g1 14 63 tn si ou q2 v5 hr zj sc td hx q8 aq fv x1 m0 sw tp j7 d9 ae fb hl ok 0g 51 26 0m tz c4 d3 zt fh ao oa hf au fr x5 sg zn fx oq q6 v1 hv tj sm zd oe hb fl ak c0 d7 zp j9 sy 55 22 28 hh oo aa ff zz m4 ss tt j3 wb pe yl ep bw ly u9 po wh yf ez kt u3 r4 ls 10 67 89 yr g5 lg bi en yx i1 wv pq n6 lm kj ed bc 83 nr p5 w2 iu ui rn w8 nx gq y6 rd uc ge ik nl l7 rp uw k0 b9 6g 46 31 go nf ia rz b3 e4 xe ql vk jw t0 s7 mp dy xo va qf mz z4 ds ct 90 09 h2 vu qr o5 dg mn ji qx h8 xq f6 a1 cj dm jc md 03 74 79 97 2e qu o2 h5 vr jn mi cg a6 xv f1 vx o8 mc jd dj cm 73 04 vl qk xb z9 cy s0 mw jp t7 qa vf xh cs z3 dt jz nk il gb e9 up k7 l0 rw 1g 8d 36 41 if na gh e3 b4 uz w5 ir nu p2 ri un gv y1 p8 ix ud rc 60 17 yu g2 ei bn kg pv n1 i6 wq g8 bd ec km lj 84 yk pb we ky r9 bp ew ya wo ph r3 lt ks u4 bz al fk he ob m9 ty d0 zw c7 9g 25 52 58 fa af oh ho ts j4 m3 st fu x2 ar zi tg v6 hq ov q1 ax x8 zc sj tm br eu yi wg 3p lv r1 u6 kq bx yc wm pj 62 15 ek bl lb ke wy n9 g0 yw bf ea ko lh n3 pt ws i4 86 68 zk te sb q9 hy x0 fw ap za sh to hs v4 q3 ot az zu d2 c5 an fi hg 27 50 j6 tq sv m1 d8 fc ad oj hm mu s2 t5 jr vn qi cq dv z1 jx s8 qc vd xj 2g 95 jl mk ce db f9 o0 qw vp h7 ma jf dh co a4 f3 xt vz 71 06 rk ul y9 ip w7 p0 nw uf ra y3 gt iz 6v k5 ur ru l2 ni in 49 34 43 e1 b6 l8 ux id nc gj rr l5 k2 uu gg ii nn 39 1b 44 33 k8 rx b1 e6 gm nd ic uk rl p7 np iw w0 gy rf ua nz y4 gs 92 de cb ml jk vw h0 o7 qp a9 xy ch do ja mf qz f4 xs a3 98 01 76 t2 ju mr s5 xg qn vi mx t8 dq z6 cv xm vc qd c2 zr d5 og fn ai 57 20 9h zx c8 sq m6 j1 tv hj om ac fd 7r se tb zl aw x7 fp v9 oy th so zf fz q4 os ht v3 12 65 kb le bk el g7 yp py i9 lo kh ef ba yz wt i3 n4 ps 3c 18 81 er bu pg yn ex u1 kv lq r6 pm wj yd 85 3g wp i7 n0 pw g9 eb be lk kl wz g3 yt bo eh kf la 16 61 pi wn u5 kr lu r2 yj wd pc r8 kx ev bq ag hn oi su m2 j5 tr 59 53 24 fj am oc hd tx m8 c6 zv d1 q0 ow hp v7 x9 ay zb tl sk hz as x3 ft zh sa tf 05 72 f0 xw a7 o9 vy je mb cl dk vs h4 o3 qt mh jo da cf 78 96 5c vg xi du z2 cr qj vm xc cx z8 t6 jq mv s1 ig gi b5 e2 40 37 im nj gc e8 rv l1 k6 uq y0 gw iy p9 rb ue p3 nt is w4 uo rh ny w9 y7 gp ub re it w3 p4 ns gz ro uh gn ng e5 b2 30 47 1a gd nm ij k1 uv rq l6 b8 xn qg cu dr z5 xd vj qm mq s6 t1 jv dx 75 02 h9 qy a0 f7 xp dl ck me jb o4 qs vt h3 xz ca df jh mo 91 08 2c fy hw v0 q7 op sl tk ze x4 fs at oz ta sf zo on hi fg j2 tu sr m5 29 23 54 hc od aj fm zq d6 c1 sx j8 wi pn yg lr r5 u2 ku pd wc ym bv eq u8 lx 82 4g yy n7 pp ww i0 kk ll bb ee g4 ys pz lf ka eo bh 66 11 88 ; do \
	cd /home/jkleinj/database/JSON/$X ; \
	make -f ../Makefile.subdir all "ROOTDIR = /home/jkleinj" "POPSC = /home/jkleinj/0/POPScomp/POPSC/src/pops" "POPSFLAGS = --zipped --jsonOut --silent"; \
done
make[1]: Entering directory '/export/zfspool1/home/jkleinj/database/JSON/c9'
3c90.xml.gz
1c9c.xml.gz
2c9c.xml.gz
2c9t.xml.gz
2c9q.xml.gz
6c9i.xml.gz
2c9r.xml.gz
1c9d.xml.gz
6c9u.xml.gz
2c9p.xml.gz
1c9m.xml.gz
2c94.xml.gz
5c98.xml.gz
6c9m.xml.gz
4c95.xml.gz
1c9t.xml.gz
2c9f.xml.gz
1c9p.xml.gz
1c9u.xml.gz
6c9y.xml.gz
5c9w.xml.gz
2c9i.xml.gz
2c9o.xml.gz
5c9y.xml.gz
5c9s.xml.gz
6c9f.xml.gz
6c9e.xml.gz
4c9y.xml.gz
6c9l.xml.gz
1c9i.xml.gz
6c9k.xml.gz
4c9m.xml.gz
Problem at atoms 5618 5619 ; system exit = 0
3c99.xml.gz
2c97.xml.gz
5c9l.xml.gz
4c98.xml.gz
3c9e.xml.gz
1c9o.xml.gz
5c9k.xml.gz
6c93.xml.gz
2c9e.xml.gz
4c9i.xml.gz
2c99.xml.gz
6c90.xml.gz
4c9l.xml.gz
5c9h.xml.gz
5c93.xml.gz
6c95.xml.gz
3c9f.xml.gz
4c9k.xml.gz
3c9z.xml.gz
4c9h.xml.gz
1c9y.xml.gz
5c9p.xml.gz
3c9x.xml.gz
3c9h.xml.gz
5c9d.xml.gz
6c9r.xml.gz
2c9h.xml.gz
4c9p.xml.gz
6c9c.xml.gz
3c9k.xml.gz
1c9h.xml.gz
6c96.xml.gz
4c9s.xml.gz
2c9z.xml.gz
2c9k.xml.gz
4c9d.xml.gz
6c94.xml.gz
5c9r.xml.gz
2c9s.xml.gz
4c92.xml.gz
5c97.xml.gz
2c9u.xml.gz
2c91.xml.gz
4c9z.xml.gz
1c92.xml.gz
1c9z.xml.gz
6c9g.xml.gz
3c9t.xml.gz
6c99.xml.gz
5c9g.xml.gz
6c9w.xml.gz
2c96.xml.gz
6c91.xml.gz
4c9g.xml.gz
1c9k.xml.gz
4c9f.xml.gz
5c91.xml.gz
3c9g.xml.gz
2c9w.xml.gz
4c9q.xml.gz
2c9g.xml.gz
5c9b.xml.gz
1c9v.xml.gz
1c94.xml.gz
3c9a.xml.gz
1c9w.xml.gz
2c9d.xml.gz
3c95.xml.gz
2c9a.xml.gz
4c9b.xml.gz
6c9o.xml.gz
6c9n.xml.gz
1c9a.xml.gz
2c9b.xml.gz
6c9v.xml.gz
3c98.xml.gz
5c9n.xml.gz
6c9p.xml.gz
5c9v.xml.gz
1c9s.xml.gz
3c9i.xml.gz
5c90.xml.gz
4c9v.xml.gz
2c9m.xml.gz
5c9m.xml.gz
4c9n.xml.gz
4c90.xml.gz
3c9v.xml.gz
< 2 bonds: try '--coarse' switch ; system exit = 0
2c9x.xml.gz
3c9p.xml.gz
2c9v.xml.gz
Problem at atoms 1206 1208 ; system exit = 0
3c9n.xml.gz
2c9y.xml.gz
2c90.xml.gz
1c96.xml.gz
4c97.xml.gz
6c97.xml.gz
1c90.xml.gz
1c9b.xml.gz
1c98.xml.gz
2c9n.xml.gz
Problem at atoms 572 573 ; system exit = 0
5c9a.xml.gz
3c9m.xml.gz
1c99.xml.gz
5c9i.xml.gz
6c9j.xml.gz
3c9r.xml.gz
1c9n.xml.gz
4c9o.xml.gz
5c9j.xml.gz
4c99.xml.gz
6c9z.xml.gz
6c9s.xml.gz
1c9x.xml.gz
4c9e.xml.gz
4c91.xml.gz
3c9l.xml.gz
3c97.xml.gz
2c9l.xml.gz
5c9z.xml.gz
3c9u.xml.gz
1c9l.xml.gz
5c9c.xml.gz
4c9j.xml.gz
Problem at atoms 5647 5648 ; system exit = 0
3c9w.xml.gz
3c9q.xml.gz
6c9q.xml.gz
5c9o.xml.gz
6c9h.xml.gz
2c95.xml.gz
5c9e.xml.gz
3c9j.xml.gz
4c93.xml.gz
1c9e.xml.gz
4c9c.xml.gz
1c9q.xml.gz
3c9s.xml.gz
6c9a.xml.gz
3c9b.xml.gz
2c93.xml.gz
3c9c.xml.gz
4c9x.xml.gz
1c93.xml.gz
1c9j.xml.gz
4c9u.xml.gz
4c94.xml.gz
6c98.xml.gz
6c9t.xml.gz
4c9a.xml.gz
5c9x.xml.gz
1c95.xml.gz
1c91.xml.gz
5c94.xml.gz
5c9u.xml.gz
3c9d.xml.gz
6c9d.xml.gz
4c9t.xml.gz
3c91.xml.gz
2c9j.xml.gz
3c94.xml.gz
4c9r.xml.gz
6c92.xml.gz
4c9w.xml.gz
6c9x.xml.gz
1c97.xml.gz
3c92.xml.gz
2c98.xml.gz
1c9f.xml.gz
2c92.xml.gz
5c92.xml.gz
6c9b.xml.gz
3c96.xml.gz
5c9f.xml.gz
Problem at atoms 63 64 ; system exit = 0
Problem at atoms 25 26 ; system exit = 0
make[1]: Leaving directory '/export/zfspool1/home/jkleinj/database/JSON/c9'
make[1]: Entering directory '/export/zfspool1/home/jkleinj/database/JSON/zy'
1zy1.xml.gz
5zy6.xml.gz
1zyt.xml.gz
4zy3.xml.gz
3zy7.xml.gz
5zyb.xml.gz
1zy6.xml.gz
4zy8.xml.gz
4zym.xml.gz
1zyr.xml.gz
3zy3.xml.gz
5zyf.xml.gz
1zy7.xml.gz
Problem at atoms 424 425 ; system exit = 0
4zy6.xml.gz
4zyb.xml.gz
5zyt.xml.gz
3zy6.xml.gz
3zyw.xml.gz
2zy3.xml.gz
2zyf.xml.gz
1zy8.xml.gz
5zyp.xml.gz
1zyf.xml.gz
4zy4.xml.gz
4zy0.xml.gz
1zy3.xml.gz
1zys.xml.gz
3zy0.xml.gz
2zym.xml.gz
2zy0.xml.gz
1zyw.xml.gz
3zyg.xml.gz
1zyp.xml.gz
5zyg.xml.gz
4zyz.xml.gz
2zyt.xml.gz
2zyk.xml.gz
4zyw.xml.gz
3zyz.xml.gz
1zyk.xml.gz
5zy8.xml.gz
2zy5.xml.gz
1zyd.xml.gz
4zyf.xml.gz
2zyg.xml.gz
3zym.xml.gz
1zyx.xml.gz
5zyn.xml.gz
3zy5.xml.gz
4zy2.xml.gz
1zyg.xml.gz
4zyn.xml.gz
3zyn.xml.gz
3zyf.xml.gz
1zyz.xml.gz
5zyc.xml.gz
2zyn.xml.gz
3zyd.xml.gz
3zy2.xml.gz
5zy5.xml.gz
1zyn.xml.gz
4zys.xml.gz
1zy5.xml.gz
1zym.xml.gz
2zys.xml.gz
2zyb.xml.gz
3zys.xml.gz
3zyx.xml.gz
4zyg.xml.gz
1zye.xml.gz
Problem at atoms 8894 8895 ; system exit = 0
3zyp.xml.gz
2zye.xml.gz
4zyu.xml.gz
1zyv.xml.gz
3zyb.xml.gz
4zyv.xml.gz
5zym.xml.gz
5zyl.xml.gz
5zyd.xml.gz
4zyl.xml.gz
3zyu.xml.gz
5zyr.xml.gz
5zyk.xml.gz
2zyv.xml.gz
4zyk.xml.gz
4zyr.xml.gz
5zye.xml.gz
1zyu.xml.gz
3zy4.xml.gz
4zye.xml.gz
3zyr.xml.gz
5zyh.xml.gz
2zyp.xml.gz
5zyx.xml.gz
2zy4.xml.gz
4zyh.xml.gz
2zy2.xml.gz
3zyh.xml.gz
1zy4.xml.gz
2zyh.xml.gz
4zy7.xml.gz
1zy2.xml.gz
1zyh.xml.gz
4zyx.xml.gz
5zyj.xml.gz
5zyv.xml.gz
3zyo.xml.gz
4zyj.xml.gz
2zyu.xml.gz
5zyo.xml.gz
3zyj.xml.gz
2zyj.xml.gz
4zyd.xml.gz
4zyo.xml.gz
1zyj.xml.gz
3zyl.xml.gz
3zyk.xml.gz
5zys.xml.gz
4zyi.xml.gz
3zyq.xml.gz
4zyc.xml.gz
3zyc.xml.gz
2zyl.xml.gz
2zyc.xml.gz
3zye.xml.gz
5zyi.xml.gz
1zyc.xml.gz
3zya.xml.gz
4zyp.xml.gz
2zyr.xml.gz
1zyl.xml.gz
4zyy.xml.gz
3zy1.xml.gz
5zyu.xml.gz
2zyo.xml.gz
5zya.xml.gz
5zy9.xml.gz
3zyi.xml.gz
1zyo.xml.gz
4zy9.xml.gz
1zyb.xml.gz
2zyz.xml.gz
4zy1.xml.gz
3zyy.xml.gz
2zy9.xml.gz
4zy5.xml.gz
1zy0.xml.gz
5zyq.xml.gz
2zyi.xml.gz
3zyv.xml.gz
2zy1.xml.gz
4zyq.xml.gz
1zyi.xml.gz
2zyq.xml.gz
1zy9.xml.gz
4zyt.xml.gz
2zya.xml.gz
2zyw.xml.gz
3zyt.xml.gz
5zyw.xml.gz
2zy6.xml.gz
4zya.xml.gz
2zyd.xml.gz
1zyq.xml.gz
make[1]: Leaving directory '/export/zfspool1/home/jkleinj/database/JSON/zy'
make[1]: Entering directory '/export/zfspool1/home/jkleinj/database/JSON/tw'
3tw6.xml.gz
4tws.xml.gz
5twa.xml.gz
1tw7.xml.gz
4tw5.xml.gz
4twj.xml.gz
1twu.xml.gz
1twr.xml.gz
3twk.xml.gz
1twb.xml.gz
3tw8.xml.gz
4twg.xml.gz
5twm.xml.gz
3tw3.xml.gz
5twc.xml.gz
5two.xml.gz
5tw9.xml.gz
1tw8.xml.gz
1twm.xml.gz
1twn.xml.gz
4two.xml.gz
5twe.xml.gz
5twz.xml.gz
5tw1.xml.gz
1twf.xml.gz
4twr.xml.gz
4twy.xml.gz
1tws.xml.gz
Warning: Atoms 2261 2262 too close
5tw0.xml.gz
4tw3.xml.gz
Too short atom distance 2262 2263 = 0.491931 A ; system exit = 0
4twd.xml.gz
4twi.xml.gz
5tw3.xml.gz
4tww.xml.gz
5twu.xml.gz
3twg.xml.gz
4twp.xml.gz
1tw9.xml.gz
5twv.xml.gz
5twr.xml.gz
4twa.xml.gz
3tw7.xml.gz
5twg.xml.gz
3tw2.xml.gz
1twh.xml.gz
3tw0.xml.gz
3twh.xml.gz
1twl.xml.gz
3twe.xml.gz
3twi.xml.gz
4twz.xml.gz
3twd.xml.gz
5twy.xml.gz
3twl.xml.gz
1twj.xml.gz
5tw4.xml.gz
4twn.xml.gz
1tw6.xml.gz
4twc.xml.gz
1twz.xml.gz
1tww.xml.gz
1tw5.xml.gz
5twn.xml.gz
1tw0.xml.gz
4tw0.xml.gz
1tw4.xml.gz
3twf.xml.gz
4twf.xml.gz
5twp.xml.gz
1twe.xml.gz
3twa.xml.gz
5twi.xml.gz
3twv.xml.gz
3twt.xml.gz
3twz.xml.gz
5tw2.xml.gz
3twu.xml.gz
1tw2.xml.gz
5twt.xml.gz
4twe.xml.gz
1twc.xml.gz
5tw7.xml.gz
1twy.xml.gz
3twc.xml.gz
3twx.xml.gz
3twm.xml.gz
5twf.xml.gz
4tw7.xml.gz
4tw6.xml.gz
1twa.xml.gz
Problem at atoms 1329 1330 ; system exit = 0
5tw8.xml.gz
3twr.xml.gz
4tw9.xml.gz
1twq.xml.gz
5tw6.xml.gz
1twx.xml.gz
3two.xml.gz
4tw8.xml.gz
1two.xml.gz
5twq.xml.gz
5tw5.xml.gz
3tww.xml.gz
3tw9.xml.gz
4tw2.xml.gz
4tw1.xml.gz
5twk.xml.gz
5twb.xml.gz
5twx.xml.gz
4twm.xml.gz
5twl.xml.gz
1twg.xml.gz
4twu.xml.gz
3tws.xml.gz
3tw1.xml.gz
3twp.xml.gz
4twb.xml.gz
5tww.xml.gz
3twy.xml.gz
1twd.xml.gz
5twd.xml.gz
3twj.xml.gz
5twj.xml.gz
1twi.xml.gz
4twk.xml.gz
3twb.xml.gz
4twh.xml.gz
3tw4.xml.gz
3tw5.xml.gz
5tws.xml.gz
5twh.xml.gz
4twl.xml.gz
3twq.xml.gz
1tw3.xml.gz
4twv.xml.gz
4twt.xml.gz
1tw1.xml.gz
Problem at atoms 25923 25924 ; system exit = 0
Problem at atoms 731 732 ; system exit = 0
make[1]: Leaving directory '/export/zfspool1/home/jkleinj/database/JSON/tw'
make[1]: Entering directory '/export/zfspool1/home/jkleinj/database/JSON/j0'
1j0h.xml.gz
5j0o.xml.gz
2j0f.xml.gz
2j0u.xml.gz
4j06.xml.gz
4j0s.xml.gz
2j0x.xml.gz
2j0l.xml.gz
2j05.xml.gz
3j02.xml.gz
5j0q.xml.gz
5j0g.xml.gz
6j0k.xml.gz
2j0o.xml.gz
4j0o.xml.gz
6j0w.xml.gz
3j05.xml.gz
< 2 angles: try '--coarse' switch ; system exit = 0
6j04.xml.gz
4j0b.xml.gz
2j0r.xml.gz
6j08.xml.gz
5j0d.xml.gz
1j0o.xml.gz
4j04.xml.gz
6j0a.xml.gz
< 2 bonds: try '--coarse' switch ; system exit = 0
3j0o.xml.gz
5j0l.xml.gz
3j0l.xml.gz
1j02.xml.gz
1j0z.xml.gz
2j0t.xml.gz
5j0a.xml.gz
6j0q.xml.gz
1j0r.xml.gz
5j0x.xml.gz
2j08.xml.gz
2j0w.xml.gz
4j0q.xml.gz
6j0b.xml.gz
4j0n.xml.gz
5j01.xml.gz
4j0r.xml.gz
3j07.xml.gz
3j0a.xml.gz
6j0m.xml.gz
6j0f.xml.gz
2j07.xml.gz
1j0p.xml.gz
4j00.xml.gz
4j0a.xml.gz
3j0d.xml.gz
6j07.xml.gz
2j0k.xml.gz
4j0d.xml.gz
Problem at atoms 1109 1110 ; system exit = 0
1j07.xml.gz
5j0j.xml.gz
4j0u.xml.gz
5j08.xml.gz
2j0g.xml.gz
Problem at atoms 1971 1972 ; system exit = 0
3j0s.xml.gz
Too short atom distance 13528 21184 = 0.470740 A ; system exit = 0
5j0f.xml.gz
4j0k.xml.gz
5j07.xml.gz
4j01.xml.gz
1j0w.xml.gz
4j02.xml.gz
1j0f.xml.gz
6j0g.xml.gz
3j0j.xml.gz
2j0q.xml.gz
6j0z.xml.gz
Too short atom distance 6655 23570 = 0.706776 A ; system exit = 0
5j0c.xml.gz
1j0k.xml.gz
4j0g.xml.gz
6j0h.xml.gz
1j04.xml.gz
3j0g.xml.gz
6j0d.xml.gz
1j0s.xml.gz
2j0s.xml.gz
1j0e.xml.gz
6j0l.xml.gz
1j0g.xml.gz
3j0b.xml.gz
< 2 bonds: try '--coarse' switch ; system exit = 0
2j0n.xml.gz
4j0w.xml.gz
4j0x.xml.gz
6j0o.xml.gz
2j0a.xml.gz
5j04.xml.gz
4j03.xml.gz
6j0y.xml.gz
3j08.xml.gz
5j09.xml.gz
5j03.xml.gz
1j0x.xml.gz
Too short atom distance 1360 7768 = 0.723729 A ; system exit = 0
4j0z.xml.gz
4j0y.xml.gz
6j02.xml.gz
4j0t.xml.gz
1j0a.xml.gz
3j09.xml.gz
2j0b.xml.gz
4j05.xml.gz
2j0y.xml.gz
5j02.xml.gz
Too short atom distance 278 5736 = 0.710921 A ; system exit = 0
6j09.xml.gz
5j0w.xml.gz
1j0i.xml.gz
3j0q.xml.gz
3j04.xml.gz
Too short atom distance 5842 5846 = 0.568329 A ; system exit = 0
5j0u.xml.gz
4j09.xml.gz
1j05.xml.gz
6j0c.xml.gz
2j0m.xml.gz
4j0f.xml.gz
5j0y.xml.gz
6j06.xml.gz
3j0r.xml.gz
2j0d.xml.gz
5j06.xml.gz
1j0b.xml.gz
5j0s.xml.gz
4j0v.xml.gz
2j0i.xml.gz
4j0i.xml.gz
5j0i.xml.gz
3j06.xml.gz
6j0i.xml.gz
1j0d.xml.gz
Too short atom distance 2720 15682 = 0.514900 A ; system exit = 0
2j06.xml.gz
1j09.xml.gz
6j0j.xml.gz
Too short atom distance 5641 5642 = 0.700188 A ; system exit = 0
1j06.xml.gz
3j0f.xml.gz
< 2 bonds: try '--coarse' switch ; system exit = 0
3j0i.xml.gz
5j0r.xml.gz
2j0z.xml.gz
5j0m.xml.gz
4j0c.xml.gz
5j0k.xml.gz
6j0u.xml.gz
6j0p.xml.gz
2j09.xml.gz
Problem at atoms 3049 3050 ; system exit = 0
4j0m.xml.gz
5j0p.xml.gz
1j01.xml.gz
6j0x.xml.gz
4j0p.xml.gz
6j0n.xml.gz
4j0j.xml.gz
3j0c.xml.gz
3j0p.xml.gz
Too short atom distance 5137 14304 = 0.293129 A ; system exit = 0
2j0v.xml.gz
1j0y.xml.gz
2j0p.xml.gz
5j0t.xml.gz
4j07.xml.gz
1j00.xml.gz
3j0k.xml.gz
5j0b.xml.gz
4j0l.xml.gz
5j0z.xml.gz
1j0m.xml.gz
5j05.xml.gz
6j0e.xml.gz
3j03.xml.gz
2j0e.xml.gz
5j0e.xml.gz
1j0n.xml.gz
4j0e.xml.gz
2j04.xml.gz
1j0c.xml.gz
3j0e.xml.gz
6j05.xml.gz
1j0j.xml.gz
2j0j.xml.gz
1j0t.xml.gz
6j0v.xml.gz
5j0h.xml.gz
1j03.xml.gz
4j0h.xml.gz
1j08.xml.gz
4j08.xml.gz
3j0h.xml.gz
5j0n.xml.gz
Warning: Atoms 12367 12368 too close
1j0q.xml.gz
2j0h.xml.gz
Too short atom distance 13874 13875 = 0.126471 A ; system exit = 0
make[1]: Leaving directory '/export/zfspool1/home/jkleinj/database/JSON/j0'
make[1]: Entering directory '/export/zfspool1/home/jkleinj/database/JSON/m7'
2m7l.xml.gz
2m7p.xml.gz
3m7q.xml.gz
3m7h.xml.gz
1m77.xml.gz
5m7m.xml.gz
2m76.xml.gz
2m73.xml.gz
5m71.xml.gz
5m7t.xml.gz
4m7b.xml.gz
5m7a.xml.gz
4m7x.xml.gz
4m7u.xml.gz
5m7o.xml.gz
3m7n.xml.gz
3m79.xml.gz
4m73.xml.gz
1m7j.xml.gz
5m7r.xml.gz
6m7g.xml.gz
6m7f.xml.gz
2m7g.xml.gz
3m76.xml.gz
3m7t.xml.gz
3m7p.xml.gz
4m70.xml.gz
2m74.xml.gz
5m7u.xml.gz
5m7e.xml.gz
2m7z.xml.gz
4m7r.xml.gz
5m7h.xml.gz
3m7r.xml.gz
1m7t.xml.gz
3m78.xml.gz
3m7f.xml.gz
6m7u.xml.gz
4m7w.xml.gz
3m73.xml.gz
1m7a.xml.gz
5m7j.xml.gz
2m7h.xml.gz
1m7b.xml.gz
3m7u.xml.gz
4m7e.xml.gz
1m7g.xml.gz
1m7y.xml.gz
5m7q.xml.gz
2m7x.xml.gz
2m7o.xml.gz
4m7f.xml.gz
6m7z.xml.gz
5m73.xml.gz
1m7z.xml.gz
1m7r.xml.gz
3m70.xml.gz
2m72.xml.gz
2m7y.xml.gz
2m78.xml.gz
3m7e.xml.gz
1m7e.xml.gz
3m7v.xml.gz
6m7y.xml.gz
2m7s.xml.gz
1m7d.xml.gz
6m7i.xml.gz
Warning: Atoms 1762 1767 too close
1m7k.xml.gz
Too short atom distance 1763 1768 = 0.185651 A ; system exit = 0
4m7o.xml.gz
5m7b.xml.gz
6m7v.xml.gz
2m7d.xml.gz
1m70.xml.gz
3m74.xml.gz
3m75.xml.gz
4m71.xml.gz
3m7j.xml.gz
2m71.xml.gz
1m79.xml.gz
2m7c.xml.gz
1m72.xml.gz
4m7c.xml.gz
1m78.xml.gz
2m7f.xml.gz
4m75.xml.gz
2m7n.xml.gz
1m7s.xml.gz
5m7i.xml.gz
4m7z.xml.gz
4m7h.xml.gz
1m75.xml.gz
1m7o.xml.gz
1m7u.xml.gz
Problem at atoms 2338 2339 ; system exit = 0
5m7v.xml.gz
2m7b.xml.gz
3m7c.xml.gz
1m7h.xml.gz
2m7e.xml.gz
2m7m.xml.gz
4m7g.xml.gz
4m7s.xml.gz
1m7q.xml.gz
3m72.xml.gz
1m7p.xml.gz
6m7k.xml.gz
2m75.xml.gz
5m7g.xml.gz
5m76.xml.gz
5m79.xml.gz
6m7l.xml.gz
4m7i.xml.gz
6m7p.xml.gz
1m7x.xml.gz
5m7f.xml.gz
6m7o.xml.gz
3m7g.xml.gz
4m76.xml.gz
5m7d.xml.gz
1m7l.xml.gz
1m73.xml.gz
4m7a.xml.gz
3m77.xml.gz
3m71.xml.gz
1m7n.xml.gz
6m7j.xml.gz
5m7k.xml.gz
5m7x.xml.gz
2m77.xml.gz
2m7u.xml.gz
5m7n.xml.gz
5m7l.xml.gz
3m7i.xml.gz
5m70.xml.gz
6m7h.xml.gz
4m72.xml.gz
4m7m.xml.gz
3m7a.xml.gz
2m79.xml.gz
2m7k.xml.gz
6m7t.xml.gz
1m71.xml.gz
4m78.xml.gz
2m7w.xml.gz
Problem at atoms 2691 2692 ; system exit = 0
3m7l.xml.gz
6m7w.xml.gz
3m7s.xml.gz
5m7z.xml.gz
5m72.xml.gz
4m7t.xml.gz
4m7k.xml.gz
5m7y.xml.gz
6m7x.xml.gz
5m75.xml.gz
3m7w.xml.gz
4m7y.xml.gz
4m7l.xml.gz
4m74.xml.gz
2m7i.xml.gz
4m7p.xml.gz
5m7w.xml.gz
4m77.xml.gz
3m7b.xml.gz
2m7v.xml.gz
2m7t.xml.gz
4m7d.xml.gz
2m70.xml.gz
5m7p.xml.gz
1m74.xml.gz
6m7m.xml.gz
2m7a.xml.gz
3m7o.xml.gz
4m7j.xml.gz
3m7d.xml.gz
2m7r.xml.gz
2m7q.xml.gz
3m7k.xml.gz
5m7c.xml.gz
5m78.xml.gz
5m77.xml.gz
3m7m.xml.gz
1m7v.xml.gz
4m7v.xml.gz
5m7s.xml.gz
1m7i.xml.gz
2m7j.xml.gz
1m7w.xml.gz
1m76.xml.gz
Too short atom distance 1756 1762 = 0.530076 A ; system exit = 0
make[1]: Leaving directory '/export/zfspool1/home/jkleinj/database/JSON/m7'
make[1]: Entering directory '/export/zfspool1/home/jkleinj/database/JSON/sp'
6spl.xml.gz
1spe.xml.gz
3sp7.xml.gz
3sp1.xml.gz
1sp0.xml.gz
1spu.xml.gz
1spp.xml.gz
3sps.xml.gz
3spa.xml.gz
3spf.xml.gz
3spe.xml.gz
1spj.xml.gz
2spg.xml.gz
3spc.xml.gz
3spt.xml.gz
1spq.xml.gz
2spm.xml.gz
1sp2.xml.gz
3sp4.xml.gz
6sp9.xml.gz
1spk.xml.gz
2spn.xml.gz
6spb.xml.gz
3spb.xml.gz
1spw.xml.gz
3spw.xml.gz
6spd.xml.gz
3spr.xml.gz
1spf.xml.gz
3sp3.xml.gz
1spy.xml.gz
1spg.xml.gz
3spg.xml.gz
1sp4.xml.gz
3sp6.xml.gz
1spb.xml.gz
1sp1.xml.gz
3sph.xml.gz
1sps.xml.gz
2spc.xml.gz
2spo.xml.gz
1sp6.xml.gz
1spi.xml.gz
3sp8.xml.gz
3sp5.xml.gz
3spd.xml.gz
3spk.xml.gz
6spz.xml.gz
3spl.xml.gz
3spj.xml.gz
3spv.xml.gz
3spx.xml.gz
1sp5.xml.gz
1spa.xml.gz
1sp9.xml.gz
6spv.xml.gz
6spf.xml.gz
2spl.xml.gz
3spz.xml.gz
1spd.xml.gz
3spi.xml.gz
6spg.xml.gz
3spu.xml.gz
1sp3.xml.gz
3sp9.xml.gz
2spz.xml.gz
Problem at atoms 2414 2415 ; system exit = 0
1spv.xml.gz
3spy.xml.gz
2spt.xml.gz
6spe.xml.gz
1sp7.xml.gz
1spx.xml.gz
1sp8.xml.gz
1sph.xml.gz
1spr.xml.gz
6spc.xml.gz
Warning: Atoms 24651 24689 too close
Problem at atoms 26012 26013 ; system exit = 0
Too short atom distance 24652 24690 = 0.475380 A ; system exit = 0
Problem at atoms 113653 113654 ; system exit = 0
Too short atom distance 92028 92046 = 0.610213 A ; system exit = 0
make[1]: Leaving directory '/export/zfspool1/home/jkleinj/database/JSON/sp'
make[1]: Entering directory '/export/zfspool1/home/jkleinj/database/JSON/ol'
1ol7.xml.gz
1olx.xml.gz
5olr.xml.gz
6ol6.xml.gz
2ol1.xml.gz
2olh.xml.gz
3olo.xml.gz
4olm.xml.gz
2olq.xml.gz
5oly.xml.gz
3ol0.xml.gz
2ol6.xml.gz
5ol4.xml.gz
5olx.xml.gz
6ol3.xml.gz
1olu.xml.gz
2ols.xml.gz
6oly.xml.gz
2olg.xml.gz
3ol7.xml.gz
2olo.xml.gz
4ol8.xml.gz
1olr.xml.gz
1old.xml.gz
4olp.xml.gz
4ole.xml.gz
3olu.xml.gz
4olk.xml.gz
1olp.xml.gz
6olv.xml.gz
3olz.xml.gz
4olg.xml.gz
3olm.xml.gz
2olj.xml.gz
2olb.xml.gz
3ola.xml.gz
4oli.xml.gz
2old.xml.gz
3ols.xml.gz
1olo.xml.gz
5olu.xml.gz
5ol8.xml.gz
5olk.xml.gz
5olt.xml.gz
2ol0.xml.gz
2olz.xml.gz
2olm.xml.gz
3oli.xml.gz
1olt.xml.gz
1olc.xml.gz
3ol8.xml.gz
5ol2.xml.gz
4olu.xml.gz
1ol5.xml.gz
6oli.xml.gz
4olf.xml.gz
2olc.xml.gz
4olr.xml.gz
3olg.xml.gz
2olw.xml.gz
4olo.xml.gz
5olj.xml.gz
3ol3.xml.gz
5ola.xml.gz
4olc.xml.gz
2ol2.xml.gz
2olp.xml.gz
5ole.xml.gz
5olm.xml.gz
6ol5.xml.gz
3oln.xml.gz
6olj.xml.gz
1olh.xml.gz
5olv.xml.gz
6olm.xml.gz
5olq.xml.gz
2ol9.xml.gz
5ol6.xml.gz
5old.xml.gz
6olx.xml.gz
2olk.xml.gz
4olv.xml.gz
5olo.xml.gz
6olp.xml.gz
1olz.xml.gz
2ola.xml.gz
2ol3.xml.gz
5olb.xml.gz
1olm.xml.gz
4ol7.xml.gz
4ols.xml.gz
1oln.xml.gz
4olt.xml.gz
5ol1.xml.gz
2oly.xml.gz
3olh.xml.gz
6olf.xml.gz
3oll.xml.gz
2olr.xml.gz
4oly.xml.gz
3olt.xml.gz
2olx.xml.gz
6ola.xml.gz
4oll.xml.gz
5olc.xml.gz
4ol0.xml.gz
3olq.xml.gz
5ol9.xml.gz
4ol4.xml.gz
4olj.xml.gz
5ol5.xml.gz
2olu.xml.gz
3olc.xml.gz
3olv.xml.gz
1ol0.xml.gz
2oli.xml.gz
5ol3.xml.gz
6olg.xml.gz
5ol7.xml.gz
4ol9.xml.gz
3olr.xml.gz
5oln.xml.gz
4olz.xml.gz
4ola.xml.gz
5olg.xml.gz
2olv.xml.gz
3olj.xml.gz
5olp.xml.gz
4olq.xml.gz
5olh.xml.gz
3ol4.xml.gz
1ol2.xml.gz
6oll.xml.gz
5olw.xml.gz
6olk.xml.gz
3ol6.xml.gz
3oly.xml.gz
5ol0.xml.gz
5olz.xml.gz
4oln.xml.gz
6ol9.xml.gz
1ols.xml.gz
3olb.xml.gz
3old.xml.gz
4olx.xml.gz
4olw.xml.gz
6ol7.xml.gz
1ol1.xml.gz
3ol9.xml.gz
2ol4.xml.gz
3olf.xml.gz
3ol2.xml.gz
6ole.xml.gz
1oll.xml.gz
2ol5.xml.gz
6olz.xml.gz
5olf.xml.gz
3olp.xml.gz
1olg.xml.gz
3ol5.xml.gz
1ol6.xml.gz
4old.xml.gz
1ola.xml.gz
2ol8.xml.gz
3ole.xml.gz
3olw.xml.gz
6olq.xml.gz
5ols.xml.gz
2oln.xml.gz
4olh.xml.gz
3olx.xml.gz
5oll.xml.gz
2ol7.xml.gz
1olq.xml.gz
2olt.xml.gz
4olb.xml.gz
2ole.xml.gz
*** buffer overflow detected ***: /home/jkleinj/0/POPScomp/POPSC/src/pops terminated
../Makefile.subdir:21: recipe for target '6ola.json' failed
make[1]: [6ola.json] Aborted (core dumped) (ignored)
*** buffer overflow detected ***: /home/jkleinj/0/POPScomp/POPSC/src/pops terminated
../Makefile.subdir:21: recipe for target '6olz.json' failed
make[1]: [6olz.json] Aborted (core dumped) (ignored)
Too short atom distance 201741 201798 = 0.249692 A ; system exit = 0
*** buffer overflow detected ***: /home/jkleinj/0/POPScomp/POPSC/src/pops terminated
../Makefile.subdir:21: recipe for target '6ole.json' failed
make[1]: [6ole.json] Aborted (core dumped) (ignored)
Too short atom distance 60312 60338 = 0.681026 A ; system exit = 0
Too short atom distance 36809 36859 = 0.732019 A ; system exit = 0
make[1]: Leaving directory '/export/zfspool1/home/jkleinj/database/JSON/ol'
make[1]: Entering directory '/export/zfspool1/home/jkleinj/database/JSON/hk'
5hkq.xml.gz
2hk5.xml.gz
6hkx.xml.gz
5hke.xml.gz
1hk8.xml.gz
3hk9.xml.gz
5hka.xml.gz
1hku.xml.gz
5hk4.xml.gz
4hkx.xml.gz
6hko.xml.gz
5hko.xml.gz
3hko.xml.gz
6hk9.xml.gz
2hk2.xml.gz
2hk8.xml.gz
3hkt.xml.gz
2hkf.xml.gz
1hk2.xml.gz
5hkr.xml.gz
5hky.xml.gz
1hkt.xml.gz
6hkz.xml.gz
6hk5.xml.gz
5hkz.xml.gz
2hkz.xml.gz
4hku.xml.gz
5hk2.xml.gz
2hkd.xml.gz
2hku.xml.gz
2hkq.xml.gz
3hkr.xml.gz
4hk6.xml.gz
1hk5.xml.gz
2hkc.xml.gz
4hkj.xml.gz
1hka.xml.gz
2hkx.xml.gz
4hkh.xml.gz
4hk7.xml.gz
2hkv.xml.gz
3hkv.xml.gz
4hkk.xml.gz
5hki.xml.gz
6hks.xml.gz
2hki.xml.gz
3hk7.xml.gz
1hki.xml.gz
4hks.xml.gz
1hkv.xml.gz
1hkh.xml.gz
2hk3.xml.gz
4hkt.xml.gz
1hks.xml.gz
2hkb.xml.gz
4hk1.xml.gz
2hko.xml.gz
3hk4.xml.gz
6hku.xml.gz
1hko.xml.gz
4hk5.xml.gz
6hkr.xml.gz
2hke.xml.gz
2hk6.xml.gz
2hkk.xml.gz
4hkm.xml.gz
3hk2.xml.gz
6hk1.xml.gz
4hkv.xml.gz
4hkq.xml.gz
5hk9.xml.gz
2hk1.xml.gz
5hkl.xml.gz
1hk1.xml.gz
6hkj.xml.gz
4hkw.xml.gz
1hky.xml.gz
5hk0.xml.gz
5hkj.xml.gz
1hkc.xml.gz
6hky.xml.gz
3hkz.xml.gz
4hka.xml.gz
6hkb.xml.gz
1hkj.xml.gz
4hkb.xml.gz
3hku.xml.gz
2hkr.xml.gz
4hkp.xml.gz
1hkb.xml.gz
1hk0.xml.gz
5hkh.xml.gz
4hk9.xml.gz
1hk3.xml.gz
6hkf.xml.gz
6hkp.xml.gz
5hkb.xml.gz
4hkf.xml.gz
4hk0.xml.gz
1hkl.xml.gz
1hk4.xml.gz
2hkm.xml.gz
2hk0.xml.gz
6hkg.xml.gz
5hkp.xml.gz
5hkw.xml.gz
3hkw.xml.gz
1hkw.xml.gz
3hkp.xml.gz
6hki.xml.gz
6hkc.xml.gz
6hk0.xml.gz
4hki.xml.gz
1hkn.xml.gz
4hk3.xml.gz
3hki.xml.gz
4hkl.xml.gz
3hkn.xml.gz
6hke.xml.gz
5hkg.xml.gz
3hk3.xml.gz
2hky.xml.gz
3hk6.xml.gz
2hkp.xml.gz
4hke.xml.gz
6hkn.xml.gz
6hkm.xml.gz
3hk0.xml.gz
5hkm.xml.gz
4hkr.xml.gz
3hkm.xml.gz
6hk4.xml.gz
1hkm.xml.gz
4hkn.xml.gz
3hke.xml.gz
4hkd.xml.gz
3hka.xml.gz
4hkz.xml.gz
4hkc.xml.gz
2hkn.xml.gz
5hkf.xml.gz
6hk2.xml.gz
3hkj.xml.gz
6hka.xml.gz
6hk7.xml.gz
3hkf.xml.gz
5hk1.xml.gz
3hkl.xml.gz
5hk7.xml.gz
2hk9.xml.gz
3hkq.xml.gz
1hk6.xml.gz
2hk7.xml.gz
1hkq.xml.gz
1hkg.xml.gz
Warning: Unknown group of atom (CD)
Warning: Unknown group of atom (CD)
Warning: Unknown group of atom (CD)
Warning: Unknown group of atom (CE)
Warning: Unknown group of atom (CD)
Warning: Unknown group of atom (CD)
Warning: Unknown group of atom (CD)
Warning: Unknown group of atom (CE)
Warning: Unknown group of atom (CD)
Warning: Unknown group of atom (CD)
Warning: Unknown group of atom (CD)
Warning: Unknown group of atom (CD)
Warning: Unknown group of atom (CE)
Warning: Unknown group of atom (CD)
Warning: Unknown group of atom (CD)
Warning: Unknown group of atom (CD)
Warning: Unknown group of atom (CD)
Warning: Unknown group of atom (CD)
Warning: Unknown group of atom (CE)
Warning: Unknown group of atom (CD)
Warning: Unknown group of atom (CE)
Warning: Unknown group of atom (CD)
Warning: Unknown group of atom (CD)
Warning: Unknown group of atom (CD)
Warning: Unknown group of atom (CE)
Warning: Unknown group of atom (CD)
Warning: Unknown group of atom (CD)
Warning: Unknown group of atom (CE)
Warning: Unknown group of atom (CD)
Warning: Unknown group of atom (CD)
Warning: Unknown group of atom (CD)
Warning: Unknown group of atom (CD)
Warning: Unknown group of atom (CD)
Warning: Unknown group of atom (CE)
Warning: Unknown group of atom (CD)
Warning: Unknown group of atom (CD)
Warning: Unknown group of atom (CD)
Warning: Unknown group of atom (CD)
Warning: Unknown group of atom (CD)
Warning: Unknown group of atom (CD)
Warning: Unknown group of atom (CE)
Warning: Unknown group of atom (CD)
Warning: Unknown group of atom (CE)
Warning: Unknown group of atom (CD)
Warning: Unknown group of atom (CE)
Warning: Unknown group of atom (CD)
Warning: Unknown group of atom (CE)
Warning: Unknown group of atom (CD)
Warning: Unknown group of atom (CE)
Warning: Unknown group of atom (CD)
Warning: Unknown group of atom (CD)
Warning: Unknown group of atom (CD)
Warning: Unknown group of atom (CD)
Warning: Unknown group of atom (CE)
Warning: Unknown group of atom (CD)
Warning: Unknown group of atom (CD)
Warning: Unknown group of atom (CD)
Warning: Unknown group of atom (CD)
Warning: Unknown group of atom (CD)
Warning: Unknown group of atom (CD)
Warning: Unknown group of atom (CD)
Warning: Unknown group of atom (CD)
Error: Unknown type of atom (CD)
../Makefile.subdir:21: recipe for target '1hkg.json' failed
make[1]: [1hkg.json] Error 1 (ignored)
4hk2.xml.gz
5hkv.xml.gz
1hk9.xml.gz
4hk4.xml.gz
5hk5.xml.gz
4hko.xml.gz
3hk5.xml.gz
6hk3.xml.gz
2hk4.xml.gz
5hk3.xml.gz
2hka.xml.gz
3hks.xml.gz
5hkx.xml.gz
3hkx.xml.gz
2hkh.xml.gz
4hky.xml.gz
3hkc.xml.gz
5hkn.xml.gz
6hkv.xml.gz
6hkt.xml.gz
5hk8.xml.gz
5hkd.xml.gz
Problem at atoms 1114 1115 ; system exit = 0
3hky.xml.gz
3hkd.xml.gz
3hk8.xml.gz
1hkd.xml.gz
5hk6.xml.gz
5hkk.xml.gz
1hkx.xml.gz
6hkw.xml.gz
6hk8.xml.gz
3hkb.xml.gz
3hkk.xml.gz
2hkl.xml.gz
4hkg.xml.gz
4hk8.xml.gz
1hkk.xml.gz
1hkf.xml.gz
3hk1.xml.gz
6hk6.xml.gz
1hk7.xml.gz
2hkj.xml.gz
5hkc.xml.gz
make[1]: Leaving directory '/export/zfspool1/home/jkleinj/database/JSON/hk'
make[1]: Entering directory '/export/zfspool1/home/jkleinj/database/JSON/fe'
3fep.xml.gz
6fe3.xml.gz
3feg.xml.gz
2fer.xml.gz
4fef.xml.gz
2fen.xml.gz
1fen.xml.gz
3fed.xml.gz
2few.xml.gz
1few.xml.gz
3fej.xml.gz
5few.xml.gz
5fea.xml.gz
2fe4.xml.gz
6fe1.xml.gz
3fe1.xml.gz
1fe5.xml.gz
2fel.xml.gz
4fex.xml.gz
4feh.xml.gz
5fef.xml.gz
3fey.xml.gz
1fev.xml.gz
2fei.xml.gz
2fek.xml.gz
1feu.xml.gz
6fez.xml.gz
3fe4.xml.gz
1feb.xml.gz
6feh.xml.gz
5fed.xml.gz
1fex.xml.gz
6fef.xml.gz
6fej.xml.gz
3fe3.xml.gz
1feo.xml.gz
6fer.xml.gz
6fe0.xml.gz
3fe7.xml.gz
1fe1.xml.gz
3fes.xml.gz
3feo.xml.gz
< 2 bonds: try '--coarse' switch ; system exit = 0
5fee.xml.gz
2fey.xml.gz
4fe5.xml.gz
5fem.xml.gz
3fec.xml.gz
3fei.xml.gz
3fet.xml.gz
2fes.xml.gz
6fei.xml.gz
2fe8.xml.gz
2fe6.xml.gz
1fer.xml.gz
4fej.xml.gz
2feu.xml.gz
6fet.xml.gz
6few.xml.gz
3fel.xml.gz
4fe7.xml.gz
4fea.xml.gz
2fep.xml.gz
3feq.xml.gz
2fe1.xml.gz
1feq.xml.gz
3fen.xml.gz
2fed.xml.gz
4fe9.xml.gz
6fek.xml.gz
2fef.xml.gz
1fej.xml.gz
3fek.xml.gz
5feh.xml.gz
6feb.xml.gz
5fe7.xml.gz
3fez.xml.gz
2fem.xml.gz
1fee.xml.gz
3feh.xml.gz
5fez.xml.gz
3feu.xml.gz
6fed.xml.gz
6fe8.xml.gz
3fe6.xml.gz
6feq.xml.gz
2fe3.xml.gz
3fev.xml.gz
3fe2.xml.gz
1fep.xml.gz
2fe7.xml.gz
4fe3.xml.gz
5feb.xml.gz
4fee.xml.gz
5fel.xml.gz
5fei.xml.gz
6fec.xml.gz
4fed.xml.gz
5fep.xml.gz
3fex.xml.gz
6feg.xml.gz
4fe6.xml.gz
6fe5.xml.gz
6fev.xml.gz
4fen.xml.gz
5fe4.xml.gz
5fex.xml.gz
3few.xml.gz
2fez.xml.gz
3fea.xml.gz
5fe0.xml.gz
4feq.xml.gz
5feq.xml.gz
2feq.xml.gz
5fe8.xml.gz
4feg.xml.gz
5fey.xml.gz
6fe2.xml.gz
4fey.xml.gz
4fek.xml.gz
5fer.xml.gz
4fez.xml.gz
4fet.xml.gz
4feu.xml.gz
2fex.xml.gz
4fe8.xml.gz
2fe5.xml.gz
4fel.xml.gz
3fe8.xml.gz
5feg.xml.gz
5fej.xml.gz
1fec.xml.gz
6fea.xml.gz
4fer.xml.gz
4fep.xml.gz
6fe4.xml.gz
6fe7.xml.gz
5fec.xml.gz
3fee.xml.gz
5fe9.xml.gz
2fee.xml.gz
4fem.xml.gz
1fe3.xml.gz
2fe9.xml.gz
5fet.xml.gz
1fes.xml.gz
2fe0.xml.gz
5fes.xml.gz
5fe6.xml.gz
3fer.xml.gz
6fe6.xml.gz
2fej.xml.gz
3fef.xml.gz
4fe4.xml.gz
1fe2.xml.gz
4few.xml.gz
6fel.xml.gz
2fea.xml.gz
1fe8.xml.gz
1fea.xml.gz
6fes.xml.gz
4fe1.xml.gz
5fe3.xml.gz
4fev.xml.gz
4feo.xml.gz
6fey.xml.gz
5fek.xml.gz
5fen.xml.gz
5fe5.xml.gz
4fei.xml.gz
1fel.xml.gz
4fe2.xml.gz
2feo.xml.gz
1fez.xml.gz
1fem.xml.gz
3fe5.xml.gz
1feh.xml.gz
5feu.xml.gz
1fe6.xml.gz
5fe1.xml.gz
4fec.xml.gz
5fe2.xml.gz
3fe0.xml.gz
1fe4.xml.gz
2fec.xml.gz
4feb.xml.gz
6fee.xml.gz
3fem.xml.gz
1fe0.xml.gz
6fex.xml.gz
4fes.xml.gz
2fet.xml.gz
3fe9.xml.gz
2feb.xml.gz
make[1]: Leaving directory '/export/zfspool1/home/jkleinj/database/JSON/fe'
make[1]: Entering directory '/export/zfspool1/home/jkleinj/database/JSON/ab'
4abi.xml.gz
2abi.xml.gz
6abl.xml.gz
3ab9.xml.gz
5ab7.xml.gz
4abz.xml.gz
2ab9.xml.gz
3abz.xml.gz
2aby.xml.gz
2abz.xml.gz
3abn.xml.gz
1ab7.xml.gz
1aby.xml.gz
1ab9.xml.gz
1abi.xml.gz
1abn.xml.gz
< 2 bonds: try '--coarse' switch ; system exit = 0
2abh.xml.gz
4abh.xml.gz
6aba.xml.gz
5abs.xml.gz
3abx.xml.gz
3abs.xml.gz
6abq.xml.gz
6abk.xml.gz
3aba.xml.gz
5abk.xml.gz
5aba.xml.gz
6ab8.xml.gz
6ab1.xml.gz
1ab0.xml.gz
4abq.xml.gz
5ab1.xml.gz
5abx.xml.gz
5abu.xml.gz
5abq.xml.gz
4ab1.xml.gz
3ab1.xml.gz
4aba.xml.gz
2aba.xml.gz
3abq.xml.gz
2abq.xml.gz
2ab1.xml.gz
1ab1.xml.gz
3ab7.xml.gz
1abq.xml.gz
3ab5.xml.gz
2ab8.xml.gz
2abw.xml.gz
1aba.xml.gz
1abo.xml.gz
2abe.xml.gz
2ab2.xml.gz
5abr.xml.gz
3abr.xml.gz
2abr.xml.gz
2ab3.xml.gz
3abh.xml.gz
7abp.xml.gz
4abk.xml.gz
1abs.xml.gz
1abr.xml.gz
3abk.xml.gz
3ab2.xml.gz
4ab2.xml.gz
6ab2.xml.gz
2abb.xml.gz
1ab2.xml.gz
2abk.xml.gz
5ab2.xml.gz
5abo.xml.gz
6abm.xml.gz
5abv.xml.gz
6abw.xml.gz
3abb.xml.gz
6abr.xml.gz
1abb.xml.gz
5abb.xml.gz
6abv.xml.gz
4abb.xml.gz
4abv.xml.gz
4ab7.xml.gz
5abf.xml.gz
6ab6.xml.gz
4ab6.xml.gz
5ab6.xml.gz
4abm.xml.gz
4abf.xml.gz
3abf.xml.gz
3abm.xml.gz
3abw.xml.gz
3abv.xml.gz
1abf.xml.gz
2abm.xml.gz
3ab6.xml.gz
2ab7.xml.gz
1abv.xml.gz
2ab6.xml.gz
1abw.xml.gz
6abh.xml.gz
9abp.xml.gz
6abx.xml.gz
8abp.xml.gz
6ab0.xml.gz
5ab4.xml.gz
5ab8.xml.gz
1ab6.xml.gz
5ab0.xml.gz
4ab8.xml.gz
4abt.xml.gz
3ab0.xml.gz
3ab8.xml.gz
2ab0.xml.gz
5abp.xml.gz
3abt.xml.gz
2abx.xml.gz
1ab8.xml.gz
5abe.xml.gz
6abo.xml.gz
4abg.xml.gz
6ab5.xml.gz
5abw.xml.gz
5ab5.xml.gz
4abo.xml.gz
4abe.xml.gz
5abt.xml.gz
6abu.xml.gz
4abw.xml.gz
4ab5.xml.gz
4ab4.xml.gz
4abu.xml.gz
3abu.xml.gz
3ab4.xml.gz
2ab5.xml.gz
3abo.xml.gz
1ab5.xml.gz
2ab4.xml.gz
3abe.xml.gz
3abg.xml.gz
2abl.xml.gz
1ab4.xml.gz
6abp.xml.gz
2abo.xml.gz
5abh.xml.gz
1abe.xml.gz
2abj.xml.gz
4abj.xml.gz
6abj.xml.gz
4abx.xml.gz
4ab0.xml.gz
5abg.xml.gz
6abt.xml.gz
5abj.xml.gz
5abd.xml.gz
4abl.xml.gz
4abd.xml.gz
6ab9.xml.gz
3abd.xml.gz
3abl.xml.gz
2abd.xml.gz
1abj.xml.gz
1abt.xml.gz
4ab9.xml.gz
5abz.xml.gz
5aby.xml.gz
6aby.xml.gz
4abn.xml.gz
6abs.xml.gz
6abn.xml.gz
5ab3.xml.gz
6abz.xml.gz
4ab3.xml.gz
4aby.xml.gz
3ab3.xml.gz
6abi.xml.gz
2abs.xml.gz
5abn.xml.gz
1ab3.xml.gz
5ab9.xml.gz
5abm.xml.gz
3abi.xml.gz
1abz.xml.gz
Too short atom distance 20070 20073 = 0.701279 A ; system exit = 0
make[1]: Leaving directory '/export/zfspool1/home/jkleinj/database/JSON/ab'
make[1]: Entering directory '/export/zfspool1/home/jkleinj/database/JSON/7g'
17gs.xml.gz
make[1]: Leaving directory '/export/zfspool1/home/jkleinj/database/JSON/7g'
make[1]: Entering directory '/export/zfspool1/home/jkleinj/database/JSON/21'
821p.xml.gz
721p.xml.gz
621p.xml.gz
521p.xml.gz
421p.xml.gz
221p.xml.gz
121p.xml.gz
421d.xml.gz
321d.xml.gz
221d.xml.gz
121d.xml.gz
221l.xml.gz
make[1]: Leaving directory '/export/zfspool1/home/jkleinj/database/JSON/21'
make[1]: Entering directory '/export/zfspool1/home/jkleinj/database/JSON/56'
256l.xml.gz
456c.xml.gz
156d.xml.gz
256d.xml.gz
256b.xml.gz
456d.xml.gz
156l.xml.gz
make[1]: Leaving directory '/export/zfspool1/home/jkleinj/database/JSON/56'
make[1]: Entering directory '/export/zfspool1/home/jkleinj/database/JSON/d4'
4d4l.xml.gz
2d4v.xml.gz
1d4u.xml.gz
3d40.xml.gz
5d4h.xml.gz
2d4r.xml.gz
3d4c.xml.gz
2d4m.xml.gz
3d4w.xml.gz
2d4q.xml.gz
2d46.xml.gz
1d4a.xml.gz
5d40.xml.gz
6d41.xml.gz
4d4d.xml.gz
6d4d.xml.gz
4d44.xml.gz
4d4i.xml.gz
2d4y.xml.gz
3d4v.xml.gz
2d42.xml.gz
3d49.xml.gz
1d41.xml.gz
2d4i.xml.gz
1d40.xml.gz
5d4f.xml.gz
4d40.xml.gz
2d4x.xml.gz
4d4y.xml.gz
3d4d.xml.gz
2d4j.xml.gz
1d45.xml.gz
3d46.xml.gz
1d49.xml.gz
4d4f.xml.gz
1d4b.xml.gz
4d4e.xml.gz
6d4r.xml.gz
6d4p.xml.gz
2d4n.xml.gz
5d45.xml.gz
6d42.xml.gz
6d48.xml.gz
4d4a.xml.gz
2d47.xml.gz
3d4i.xml.gz
4d4c.xml.gz
5d4k.xml.gz
5d4v.xml.gz
3d4g.xml.gz
1d44.xml.gz
6d4u.xml.gz
3d42.xml.gz
2d4d.xml.gz
5d4q.xml.gz
1d4y.xml.gz
5d4o.xml.gz
2d4p.xml.gz
6d4b.xml.gz
5d4t.xml.gz
6d4g.xml.gz
3d4s.xml.gz
6d4t.xml.gz
2d44.xml.gz
1d4c.xml.gz
1d43.xml.gz
4d42.xml.gz
5d4y.xml.gz
5d4p.xml.gz
1d4w.xml.gz
6d4w.xml.gz
2d4l.xml.gz
6d49.xml.gz
3d4o.xml.gz
5d4z.xml.gz
5d4u.xml.gz
6d43.xml.gz
2d4w.xml.gz
1d4l.xml.gz
4d4j.xml.gz
1d4e.xml.gz
4d4q.xml.gz
2d4k.xml.gz
4d4k.xml.gz
6d47.xml.gz
1d4i.xml.gz
2d48.xml.gz
5d4g.xml.gz
6d4s.xml.gz
4d4u.xml.gz
1d4o.xml.gz
4d4n.xml.gz
6d4v.xml.gz
1d4f.xml.gz
5d46.xml.gz
5d4c.xml.gz
5d4n.xml.gz
2d4e.xml.gz
4d4x.xml.gz
6d4n.xml.gz
3d4z.xml.gz
5d4s.xml.gz
1d4j.xml.gz
5d48.xml.gz
3d4r.xml.gz
1d4r.xml.gz
2d4g.xml.gz
6d4c.xml.gz
1d4t.xml.gz
3d4k.xml.gz
5d4e.xml.gz
4d49.xml.gz
3d4e.xml.gz
2d4o.xml.gz
3d4a.xml.gz
5d4l.xml.gz
5d43.xml.gz
4d4z.xml.gz
5d4d.xml.gz
5d4a.xml.gz
2d49.xml.gz
4d4g.xml.gz
3d48.xml.gz
4d4o.xml.gz
6d4e.xml.gz
2d4z.xml.gz
1d4d.xml.gz
3d4l.xml.gz
4d4s.xml.gz
6d4a.xml.gz
2d45.xml.gz
1d4p.xml.gz
6d4l.xml.gz
1d48.xml.gz
4d4b.xml.gz
1d4n.xml.gz
3d4u.xml.gz
3d4p.xml.gz
6d4o.xml.gz
4d4t.xml.gz
5d4b.xml.gz
4d4h.xml.gz
5d49.xml.gz
3d43.xml.gz
4d46.xml.gz
3d47.xml.gz
4d4r.xml.gz
6d45.xml.gz
2d4h.xml.gz
6d4q.xml.gz
3d41.xml.gz
1d4s.xml.gz
2d4a.xml.gz
3d4t.xml.gz
4d45.xml.gz
6d4m.xml.gz
2d43.xml.gz
6d4i.xml.gz
2d4c.xml.gz
3d4m.xml.gz
6d46.xml.gz
5d41.xml.gz
3d4y.xml.gz
5d4w.xml.gz
1d42.xml.gz
2d4f.xml.gz
1d46.xml.gz
3d45.xml.gz
3d4j.xml.gz
5d47.xml.gz
3d4n.xml.gz
3d44.xml.gz
3d4b.xml.gz
1d4x.xml.gz
4d41.xml.gz
5d4r.xml.gz
2d40.xml.gz
2d41.xml.gz
1d4m.xml.gz
3d4x.xml.gz
2d4u.xml.gz
6d4k.xml.gz
4d43.xml.gz
5d4i.xml.gz
5d42.xml.gz
1d4k.xml.gz
1d4z.xml.gz
3d4q.xml.gz
1d4v.xml.gz
6d4f.xml.gz
6d40.xml.gz
4d4m.xml.gz
5d4j.xml.gz
3d4f.xml.gz
1d4h.xml.gz
4d48.xml.gz
4d47.xml.gz
4d4w.xml.gz
4d4p.xml.gz
4d4v.xml.gz
make[1]: Leaving directory '/export/zfspool1/home/jkleinj/database/JSON/d4'
make[1]: Entering directory '/export/zfspool1/home/jkleinj/database/JSON/zs'
5zst.xml.gz
5zsk.xml.gz
1zse.xml.gz
4zst.xml.gz
5zsj.xml.gz
2zsk.xml.gz
2zsd.xml.gz
1zs9.xml.gz
3zsk.xml.gz
1zsv.xml.gz
5zsz.xml.gz
4zsj.xml.gz
1zsk.xml.gz
3zs5.xml.gz
4zsz.xml.gz
1zsx.xml.gz
3zsj.xml.gz
3zsz.xml.gz
2zsj.xml.gz
1zsz.xml.gz
5zs0.xml.gz
2zsz.xml.gz
3zso.xml.gz
2zso.xml.gz
5zso.xml.gz
4zso.xml.gz
1zso.xml.gz
4zs0.xml.gz
2zsq.xml.gz
4zsl.xml.gz
1zsd.xml.gz
3zsl.xml.gz
5zsi.xml.gz
2zsl.xml.gz
4zsi.xml.gz
2zsn.xml.gz
1zsl.xml.gz
3zsi.xml.gz
5zsr.xml.gz
1zsj.xml.gz
2zsi.xml.gz
5zsl.xml.gz
5zsb.xml.gz
4zsr.xml.gz
4zs2.xml.gz
4zsb.xml.gz
2zsr.xml.gz
3zs2.xml.gz
5zsn.xml.gz
2zst.xml.gz
3zsr.xml.gz
2zsb.xml.gz
4zsd.xml.gz
4zsx.xml.gz
1zsb.xml.gz
5zsf.xml.gz
5zsy.xml.gz
3zsq.xml.gz
3zsc.xml.gz
1zs4.xml.gz
5zsc.xml.gz
5zse.xml.gz
2zsy.xml.gz
1zs2.xml.gz
4zse.xml.gz
4zsu.xml.gz
4zsn.xml.gz
4zsc.xml.gz
2zs0.xml.gz
3zsh.xml.gz
3zsy.xml.gz
2zse.xml.gz
1zsr.xml.gz
3zss.xml.gz
5zss.xml.gz
1zs5.xml.gz
2zsc.xml.gz
3zsn.xml.gz
4zs3.xml.gz
5zsq.xml.gz
3zsf.xml.gz
3zs3.xml.gz
4zsf.xml.gz
5zsp.xml.gz
2zss.xml.gz
4zsq.xml.gz
1zsc.xml.gz
4zsp.xml.gz
1zs3.xml.gz
5zs3.xml.gz
3zsu.xml.gz
5zs6.xml.gz
3zs4.xml.gz
3zs1.xml.gz
2zsp.xml.gz
4zs9.xml.gz
1zsp.xml.gz
1zsn.xml.gz
2zsa.xml.gz
4zsv.xml.gz
2zsf.xml.gz
3zs9.xml.gz
1zsq.xml.gz
5zsa.xml.gz
5zsh.xml.gz
3zsg.xml.gz
4zs6.xml.gz
5zs9.xml.gz
1zs6.xml.gz
5zsg.xml.gz
4zsa.xml.gz
3zst.xml.gz
4zsw.xml.gz
2zsv.xml.gz
3zs0.xml.gz
5zs7.xml.gz
3zs7.xml.gz
2zsw.xml.gz
4zsy.xml.gz
5zsw.xml.gz
4zs7.xml.gz
1zs7.xml.gz
3zs6.xml.gz
1zsf.xml.gz
3zsw.xml.gz
2zs6.xml.gz
5zsu.xml.gz
2zs1.xml.gz
2zsx.xml.gz
2zs7.xml.gz
5zsm.xml.gz
4zs4.xml.gz
3zsv.xml.gz
5zs8.xml.gz
4zsm.xml.gz
4zsg.xml.gz
3zse.xml.gz
1zsw.xml.gz
3zsm.xml.gz
4zs8.xml.gz
2zsm.xml.gz
2zs9.xml.gz
1zs0.xml.gz
2zsu.xml.gz
3zs8.xml.gz
2zsh.xml.gz
1zsy.xml.gz
1zsg.xml.gz
1zs8.xml.gz
2zsg.xml.gz
5zsd.xml.gz
5zsx.xml.gz
4zsh.xml.gz
3zsx.xml.gz
1zsa.xml.gz
2zs8.xml.gz
1zsh.xml.gz
4zsk.xml.gz
*** buffer overflow detected ***: /home/jkleinj/0/POPScomp/POPSC/src/pops terminated
../Makefile.subdir:21: recipe for target '4zsn.json' failed
make[1]: [4zsn.json] Aborted (core dumped) (ignored)
make[1]: Leaving directory '/export/zfspool1/home/jkleinj/database/JSON/zs'
make[1]: Entering directory '/export/zfspool1/home/jkleinj/database/JSON/c3'
2c3t.xml.gz
6c3h.xml.gz
3c3t.xml.gz
1c3p.xml.gz
1c3k.xml.gz
2c3k.xml.gz
1c34.xml.gz
4c3j.xml.gz
6c39.xml.gz
3c3k.xml.gz
4c35.xml.gz
5c3l.xml.gz
6c3j.xml.gz
5c3h.xml.gz
2c34.xml.gz
3c3o.xml.gz
2c3z.xml.gz
6c3f.xml.gz
3c3j.xml.gz
5c3y.xml.gz
3c3d.xml.gz
5c37.xml.gz
6c3r.xml.gz
3c3c.xml.gz
3c3n.xml.gz
2c3p.xml.gz
4c39.xml.gz
4c3h.xml.gz
5c3i.xml.gz
4c3l.xml.gz
4c38.xml.gz
2c3d.xml.gz
2c3j.xml.gz
3c39.xml.gz
4c3x.xml.gz
5c3r.xml.gz
5c36.xml.gz
2c3s.xml.gz
2c3y.xml.gz
3c3h.xml.gz
2c3n.xml.gz
3c3u.xml.gz
1c3z.xml.gz
1c3j.xml.gz
1c3h.xml.gz
3c33.xml.gz
4c3i.xml.gz
4c3b.xml.gz
1c3w.xml.gz
3c3l.xml.gz
6c35.xml.gz
2c3h.xml.gz
2c3o.xml.gz
1c3n.xml.gz
6c32.xml.gz
4c3w.xml.gz
4c3f.xml.gz
4c3a.xml.gz
3c32.xml.gz
5c32.xml.gz
1c3o.xml.gz
6c36.xml.gz
1c3x.xml.gz
3c3y.xml.gz
3c3f.xml.gz
2c3m.xml.gz
4c36.xml.gz
3c36.xml.gz
2c32.xml.gz
1c3b.xml.gz
2c31.xml.gz
3c3v.xml.gz
1c30.xml.gz
2c3i.xml.gz
1c3r.xml.gz
1c32.xml.gz
1c3l.xml.gz
6c33.xml.gz
2c3v.xml.gz
1c39.xml.gz
5c33.xml.gz
3c3s.xml.gz
1c3d.xml.gz
2c36.xml.gz
1c3q.xml.gz
1c3v.xml.gz
2c3f.xml.gz
3c3b.xml.gz
5c3c.xml.gz
1c3y.xml.gz
5c3g.xml.gz
1c35.xml.gz
4c3s.xml.gz
4c3g.xml.gz
6c3i.xml.gz
4c3c.xml.gz
3c38.xml.gz
6c3y.xml.gz
1c3f.xml.gz
1c3m.xml.gz
6c3g.xml.gz
4c3m.xml.gz
1c3c.xml.gz
3c3m.xml.gz
2c38.xml.gz
2c3c.xml.gz
3c35.xml.gz
6c3s.xml.gz
1c38.xml.gz
5c39.xml.gz
3c3w.xml.gz
5c3s.xml.gz
1c3s.xml.gz
2c3q.xml.gz
2c35.xml.gz
3c37.xml.gz
6c31.xml.gz
6c3m.xml.gz
5c3b.xml.gz
3c3g.xml.gz
6c3a.xml.gz
4c3y.xml.gz
6c3e.xml.gz
5c3u.xml.gz
5c3a.xml.gz
2c3g.xml.gz
5c3z.xml.gz
6c3u.xml.gz
5c3e.xml.gz
6c3d.xml.gz
4c31.xml.gz
5c3q.xml.gz
3c3i.xml.gz
6c3z.xml.gz
2c3w.xml.gz
4c3e.xml.gz
3c3a.xml.gz
1c3g.xml.gz
5c3o.xml.gz
2c37.xml.gz
5c31.xml.gz
3c3e.xml.gz
6c3b.xml.gz
2c3a.xml.gz
1c3i.xml.gz
2c39.xml.gz
6c30.xml.gz
5c3d.xml.gz
2c3e.xml.gz
1c3a.xml.gz
6c3t.xml.gz
4c3q.xml.gz
4c3z.xml.gz
6c3o.xml.gz
1c3e.xml.gz
6c3c.xml.gz
2c3x.xml.gz
6c3k.xml.gz
1c3u.xml.gz
6c3p.xml.gz
5c3p.xml.gz
4c3o.xml.gz
6c34.xml.gz
6c37.xml.gz
5c34.xml.gz
3c3z.xml.gz
5c30.xml.gz
4c3u.xml.gz
5c38.xml.gz
5c3t.xml.gz
6c3l.xml.gz
4c37.xml.gz
5c3k.xml.gz
3c31.xml.gz
4c30.xml.gz
5c3n.xml.gz
4c3p.xml.gz
4c3t.xml.gz
6c3x.xml.gz
6c3n.xml.gz
4c33.xml.gz
3c3p.xml.gz
4c34.xml.gz
5c3j.xml.gz
3c34.xml.gz
4c3d.xml.gz
5c35.xml.gz
4c3k.xml.gz
5c3x.xml.gz
2c30.xml.gz
3c30.xml.gz
2c3u.xml.gz
4c3v.xml.gz
4c3r.xml.gz
3c3x.xml.gz
2c3l.xml.gz
3c3q.xml.gz
5c3f.xml.gz
1c3t.xml.gz
5c3m.xml.gz
2c3b.xml.gz
3c3r.xml.gz
5c3w.xml.gz
make[1]: Leaving directory '/export/zfspool1/home/jkleinj/database/JSON/c3'
make[1]: Entering directory '/export/zfspool1/home/jkleinj/database/JSON/sz'
3szd.xml.gz
5sz6.xml.gz
5szo.xml.gz
6szm.xml.gz
3sze.xml.gz
5szt.xml.gz
1szw.xml.gz
3sz9.xml.gz
3szm.xml.gz
1szt.xml.gz
1szy.xml.gz
1szr.xml.gz
5sz3.xml.gz
5szz.xml.gz
5szd.xml.gz
5sz8.xml.gz
1szs.xml.gz
3szz.xml.gz
5szv.xml.gz
3szq.xml.gz
3szt.xml.gz
5szx.xml.gz
1szq.xml.gz
3szg.xml.gz
3szk.xml.gz
5szn.xml.gz
6sz6.xml.gz
5szh.xml.gz
1szg.xml.gz
5szp.xml.gz
6sz0.xml.gz
6szj.xml.gz
5sz9.xml.gz
3sz3.xml.gz
5sz7.xml.gz
1sz9.xml.gz
6sz5.xml.gz
5sz0.xml.gz
6szs.xml.gz
1sz3.xml.gz
3szi.xml.gz
3szs.xml.gz
1sz7.xml.gz
5szq.xml.gz
3szo.xml.gz
5sz4.xml.gz
5szj.xml.gz
3szl.xml.gz
5sz1.xml.gz
5szg.xml.gz
5szm.xml.gz
1szo.xml.gz
3sz0.xml.gz
1szl.xml.gz
5sz2.xml.gz
1sz8.xml.gz
1szp.xml.gz
1sz1.xml.gz
3sza.xml.gz
3szh.xml.gz
3szv.xml.gz
5szb.xml.gz
1szv.xml.gz
1szu.xml.gz
3szp.xml.gz
3sz5.xml.gz
3sz6.xml.gz
1sz0.xml.gz
6sze.xml.gz
3sz2.xml.gz
1szf.xml.gz
3szu.xml.gz
1sza.xml.gz
1szz.xml.gz
5sze.xml.gz
3szj.xml.gz
5szc.xml.gz
1szx.xml.gz
3szn.xml.gz
6szo.xml.gz
5szk.xml.gz
3szy.xml.gz
1sz6.xml.gz
1sz2.xml.gz
5szu.xml.gz
3szf.xml.gz
1sze.xml.gz
1szh.xml.gz
3sz4.xml.gz
3szb.xml.gz
3szc.xml.gz
1szm.xml.gz
3sz1.xml.gz
5szy.xml.gz
3szx.xml.gz
3sz8.xml.gz
3szr.xml.gz
3sz7.xml.gz
1szi.xml.gz
5szf.xml.gz
5sz5.xml.gz
5szs.xml.gz
5szw.xml.gz
1szn.xml.gz
1szj.xml.gz
1szc.xml.gz
1szk.xml.gz
1szb.xml.gz
1szd.xml.gz
5szr.xml.gz
5szi.xml.gz
3szw.xml.gz
5szl.xml.gz
Problem at atoms 2141 2142 ; system exit = 0
6sz4.xml.gz
make[1]: Leaving directory '/export/zfspool1/home/jkleinj/database/JSON/sz'
make[1]: Entering directory '/export/zfspool1/home/jkleinj/database/JSON/ha'
5hat.xml.gz
4haj.xml.gz
4ha5.xml.gz
1ha2.xml.gz
5hai.xml.gz
3ha0.xml.gz
2har.xml.gz
6haq.xml.gz
2ha9.xml.gz
1ha0.xml.gz
4haq.xml.gz
5hav.xml.gz
6ha8.xml.gz
3hae.xml.gz
3ha1.xml.gz
3haj.xml.gz
4ham.xml.gz
1ha1.xml.gz
5han.xml.gz
3hav.xml.gz
5hax.xml.gz
6ha3.xml.gz
1haf.xml.gz
5has.xml.gz
6hay.xml.gz
2has.xml.gz
3hag.xml.gz
1ha3.xml.gz
6hak.xml.gz
6hah.xml.gz
4hak.xml.gz
4har.xml.gz
2hak.xml.gz
1hak.xml.gz
2ham.xml.gz
6ha7.xml.gz
4ha0.xml.gz
4ha7.xml.gz
5ha9.xml.gz
3haw.xml.gz
5ham.xml.gz
1haw.xml.gz
1hag.xml.gz
Too short atom distance 1201 1203 = 0.627708 A ; system exit = 0
3hat.xml.gz
6ha0.xml.gz
6hav.xml.gz
1har.xml.gz
6hac.xml.gz
4hap.xml.gz
5haf.xml.gz
5hac.xml.gz
6har.xml.gz
3hay.xml.gz
3has.xml.gz
3haf.xml.gz
4ha2.xml.gz
2ha1.xml.gz
1hav.xml.gz
3hak.xml.gz
4hay.xml.gz
4ha6.xml.gz
2hax.xml.gz
5hag.xml.gz
6han.xml.gz
4hac.xml.gz
1han.xml.gz
1haj.xml.gz
1hah.xml.gz
2ha3.xml.gz
4hav.xml.gz
6hab.xml.gz
5hay.xml.gz
4hab.xml.gz
5ha0.xml.gz
3hab.xml.gz
4hah.xml.gz
1hab.xml.gz
2ha6.xml.gz
6hau.xml.gz
5haa.xml.gz
4hau.xml.gz
3hau.xml.gz
4haw.xml.gz
1ha5.xml.gz
2hah.xml.gz
2ha2.xml.gz
6hat.xml.gz
2hay.xml.gz
2han.xml.gz
4has.xml.gz
4had.xml.gz
1ha9.xml.gz
5har.xml.gz
4ha9.xml.gz
5hae.xml.gz
2ha7.xml.gz
5hab.xml.gz
1hap.xml.gz
6haw.xml.gz
5haq.xml.gz
2hae.xml.gz
5hau.xml.gz
1hac.xml.gz
6ham.xml.gz
4ha8.xml.gz
1hax.xml.gz
6hai.xml.gz
3ha6.xml.gz
6hax.xml.gz
6haa.xml.gz
4hae.xml.gz
4ha3.xml.gz
4hai.xml.gz
4hax.xml.gz
1hae.xml.gz
5ha8.xml.gz
6ha4.xml.gz
1ha8.xml.gz
3hai.xml.gz
3hac.xml.gz
5ha4.xml.gz
3ha5.xml.gz
3ha4.xml.gz
3hax.xml.gz
1hay.xml.gz
6hao.xml.gz
2ha0.xml.gz
5hao.xml.gz
3hao.xml.gz
Problem at atoms 3056 3057 ; system exit = 0
5ha6.xml.gz
1hao.xml.gz
3ham.xml.gz
5hal.xml.gz
3haz.xml.gz
3ha8.xml.gz
3hal.xml.gz
6hap.xml.gz
2hai.xml.gz
2hav.xml.gz
4ha1.xml.gz
4hag.xml.gz
6hag.xml.gz
1hai.xml.gz
2haj.xml.gz
5hap.xml.gz
2hac.xml.gz
2ha8.xml.gz
6haf.xml.gz
6haj.xml.gz
5haw.xml.gz
6had.xml.gz
4haz.xml.gz
5had.xml.gz
2hag.xml.gz
3had.xml.gz
6ha1.xml.gz
1ha4.xml.gz
3ha2.xml.gz
2haw.xml.gz
5ha7.xml.gz
4ha4.xml.gz
3ha7.xml.gz
3ha9.xml.gz
6hal.xml.gz
1ha7.xml.gz
4hal.xml.gz
2hal.xml.gz
3haq.xml.gz
3hah.xml.gz
2hap.xml.gz
2hau.xml.gz
6haz.xml.gz
1haa.xml.gz
6ha9.xml.gz
2haz.xml.gz
4haf.xml.gz
6ha6.xml.gz
2haf.xml.gz
6ha5.xml.gz
1ha6.xml.gz
3han.xml.gz
5ha1.xml.gz
5ha5.xml.gz
2had.xml.gz
6ha2.xml.gz
2ha5.xml.gz
2haq.xml.gz
6hae.xml.gz
4hao.xml.gz
1hau.xml.gz
3ha3.xml.gz
1haq.xml.gz
4haa.xml.gz
< 2 bonds: try '--coarse' switch ; system exit = 0
4hat.xml.gz
4han.xml.gz
3hap.xml.gz
1haz.xml.gz
5haz.xml.gz
3har.xml.gz
2ha4.xml.gz
*** buffer overflow detected ***: /home/jkleinj/0/POPScomp/POPSC/src/pops terminated
../Makefile.subdir:21: recipe for target '5hau.json' failed
make[1]: [5hau.json] Aborted (core dumped) (ignored)
make[1]: Leaving directory '/export/zfspool1/home/jkleinj/database/JSON/ha'
make[1]: Entering directory '/export/zfspool1/home/jkleinj/database/JSON/of'
2of3.xml.gz
1ofb.xml.gz
6of1.xml.gz
5of4.xml.gz
6ofp.xml.gz
4ofe.xml.gz
4ofg.xml.gz
2ofq.xml.gz
2ofd.xml.gz
1ofu.xml.gz
2ofo.xml.gz
3of5.xml.gz
5ofu.xml.gz
4of5.xml.gz
2ofw.xml.gz
3of3.xml.gz
4of3.xml.gz
3oft.xml.gz
5of2.xml.gz
4ofp.xml.gz
6of9.xml.gz
4ofv.xml.gz
2ofn.xml.gz
6ofv.xml.gz
4ofw.xml.gz
5oft.xml.gz
2ofm.xml.gz
3ofm.xml.gz
1ofo.xml.gz
5of1.xml.gz
2ofs.xml.gz
6of3.xml.gz
4of1.xml.gz
1ofz.xml.gz
3of1.xml.gz
2ofj.xml.gz
6ofh.xml.gz
2ofx.xml.gz
1oft.xml.gz
1ofg.xml.gz
1of9.xml.gz
2of5.xml.gz
1of3.xml.gz
Warning: Atoms 4946 4947 too close
2ofy.xml.gz
5ofr.xml.gz
6of5.xml.gz
3of0.xml.gz
Too short atom distance 4947 4948 = 0.437223 A ; system exit = 0
6ofj.xml.gz
4ofk.xml.gz
1ofx.xml.gz
4ofx.xml.gz
3off.xml.gz
4of6.xml.gz
4oft.xml.gz
3ofv.xml.gz
5off.xml.gz
4off.xml.gz
5ofk.xml.gz
4ofc.xml.gz
5of8.xml.gz
4ofa.xml.gz
2of4.xml.gz
2of0.xml.gz
4ofj.xml.gz
2ofk.xml.gz
1of8.xml.gz
1ofy.xml.gz
2ofe.xml.gz
2ofg.xml.gz
3ofe.xml.gz
5ofd.xml.gz
1of5.xml.gz
1ofh.xml.gz
6ofs.xml.gz
1ofr.xml.gz
5of5.xml.gz
4ofo.xml.gz
6ofu.xml.gz
1ofl.xml.gz
3ofj.xml.gz
2of7.xml.gz
5ofa.xml.gz
1ofd.xml.gz
1ofi.xml.gz
2ofa.xml.gz
4ofi.xml.gz
4ofn.xml.gz
2off.xml.gz
3ofn.xml.gz
6oft.xml.gz
6ofm.xml.gz
5ofm.xml.gz
4of7.xml.gz
4ofy.xml.gz
1ofm.xml.gz
6of0.xml.gz
3of7.xml.gz
6ofl.xml.gz
4of4.xml.gz
1ofs.xml.gz
4of8.xml.gz
2of2.xml.gz
5ofp.xml.gz
5ofq.xml.gz
6ofg.xml.gz
3ofg.xml.gz
1of4.xml.gz
5ofw.xml.gz
1ofq.xml.gz
4of0.xml.gz
2of9.xml.gz
1ofw.xml.gz
3ofk.xml.gz
1ofc.xml.gz
6ofx.xml.gz
6of2.xml.gz
3of9.xml.gz
1off.xml.gz
2ofc.xml.gz
2ofv.xml.gz
3of6.xml.gz
5ofv.xml.gz
4ofz.xml.gz
5of7.xml.gz
4ofq.xml.gz
5ofh.xml.gz
5of3.xml.gz
1of1.xml.gz
3of2.xml.gz
4ofb.xml.gz
6ofa.xml.gz
5ofj.xml.gz
3ofs.xml.gz
3of8.xml.gz
1ofe.xml.gz
4ofd.xml.gz
6ofe.xml.gz
5ofe.xml.gz
1ofp.xml.gz
4of9.xml.gz
2ofu.xml.gz
3ofu.xml.gz
4ofh.xml.gz
5ofi.xml.gz
3of4.xml.gz
6ofr.xml.gz
5ofb.xml.gz
5ofc.xml.gz
5ofx.xml.gz
5ofn.xml.gz
1ofn.xml.gz
2of6.xml.gz
< 2 bonds: try '--coarse' switch ; system exit = 0
1of0.xml.gz
6off.xml.gz
2of1.xml.gz
6ofk.xml.gz
2ofi.xml.gz
6of8.xml.gz
2ofr.xml.gz
2ofz.xml.gz
1ofj.xml.gz
5of9.xml.gz
1ofk.xml.gz
4ofs.xml.gz
5ofz.xml.gz
6ofq.xml.gz
5ofg.xml.gz
2ofp.xml.gz
6ofd.xml.gz
2ofh.xml.gz
2of8.xml.gz
4ofr.xml.gz
4ofu.xml.gz
4ofl.xml.gz
6of4.xml.gz
3ofw.xml.gz
3ofh.xml.gz
5ofs.xml.gz
2ofb.xml.gz
1ofa.xml.gz
3ofi.xml.gz
1of6.xml.gz
6ofn.xml.gz
1ofv.xml.gz
5of6.xml.gz
1of2.xml.gz
4ofm.xml.gz
5ofy.xml.gz
6ofo.xml.gz
5of0.xml.gz
5ofl.xml.gz
5ofo.xml.gz
*** buffer overflow detected ***: /home/jkleinj/0/POPScomp/POPSC/src/pops terminated
../Makefile.subdir:21: recipe for target '6of1.json' failed
make[1]: [6of1.json] Aborted (core dumped) (ignored)
make[1]: Leaving directory '/export/zfspool1/home/jkleinj/database/JSON/of'
make[1]: Entering directory '/export/zfspool1/home/jkleinj/database/JSON/ah'
5ah7.xml.gz
4ahv.xml.gz
6ah8.xml.gz
2ah1.xml.gz
4ah3.xml.gz
1ah5.xml.gz
6ah0.xml.gz
6ahw.xml.gz
5ah0.xml.gz
5ahi.xml.gz
4ahp.xml.gz
6ahu.xml.gz
3ahp.xml.gz
6ahv.xml.gz
2ah0.xml.gz
1ahp.xml.gz
5ahf.xml.gz
2ahn.xml.gz
5ah5.xml.gz
4ahf.xml.gz
4ahw.xml.gz
1ahf.xml.gz
2ah5.xml.gz
3ah6.xml.gz
4ahu.xml.gz
1ahk.xml.gz
2ahl.xml.gz
5ahw.xml.gz
1ahb.xml.gz
1ahv.xml.gz
3ahq.xml.gz
3ahm.xml.gz
6ah7.xml.gz
6ahh.xml.gz
4ahs.xml.gz
5ahx.xml.gz
2ahm.xml.gz
6ah4.xml.gz
4ahx.xml.gz
6ahc.xml.gz
5ahc.xml.gz
3ahh.xml.gz
4ahc.xml.gz
1ahm.xml.gz
3ahs.xml.gz
2ah8.xml.gz
2ahs.xml.gz
Problem at atoms 641 642 ; system exit = 0
3ah1.xml.gz
1ahs.xml.gz
1ahh.xml.gz
5aho.xml.gz
1ah8.xml.gz
3ahe.xml.gz
4ah7.xml.gz
2ah4.xml.gz
2ahq.xml.gz
6aho.xml.gz
1ahd.xml.gz
6ahl.xml.gz
6ahe.xml.gz
4aho.xml.gz
5ahe.xml.gz
3ahf.xml.gz
5ahl.xml.gz
2ahe.xml.gz
3aho.xml.gz
1ahe.xml.gz
3ahv.xml.gz
1aho.xml.gz
3ahw.xml.gz
4ahd.xml.gz
3ahx.xml.gz
6ahz.xml.gz
2ah6.xml.gz
7ahl.xml.gz
3ah7.xml.gz
6ahg.xml.gz
6ahx.xml.gz
5ahg.xml.gz
5ahj.xml.gz
4ahh.xml.gz
1ahn.xml.gz
3ahi.xml.gz
4ahj.xml.gz
2ah9.xml.gz
1ah6.xml.gz
3ahj.xml.gz
5ahz.xml.gz
4ahz.xml.gz
2aho.xml.gz
6ah9.xml.gz
3ah3.xml.gz
1ahj.xml.gz
3ahz.xml.gz
2ahj.xml.gz
4ah9.xml.gz
6ah5.xml.gz
3ahy.xml.gz
1ah3.xml.gz
6ah3.xml.gz
6ahy.xml.gz
2ahy.xml.gz
1ahy.xml.gz
5ahy.xml.gz
5ahs.xml.gz
4ahk.xml.gz
5ahm.xml.gz
4ahy.xml.gz
3ahd.xml.gz
4ahg.xml.gz
1ahz.xml.gz
2ahd.xml.gz
3ah9.xml.gz
3ah8.xml.gz
5ah1.xml.gz
1aht.xml.gz
4ah1.xml.gz
5ah9.xml.gz
3aha.xml.gz
2aha.xml.gz
2ahz.xml.gz
1aha.xml.gz
1ahu.xml.gz
1ah9.xml.gz
2ahc.xml.gz
6ah6.xml.gz
6ahq.xml.gz
2ah7.xml.gz
2ahx.xml.gz
5aha.xml.gz
5ah6.xml.gz
1ahc.xml.gz
5ah3.xml.gz
4ahq.xml.gz
5ahu.xml.gz
3ah5.xml.gz
4ah6.xml.gz
2ahf.xml.gz
5ahv.xml.gz
2ahi.xml.gz
6ahp.xml.gz
3ahn.xml.gz
4ahm.xml.gz
1ah7.xml.gz
1ahq.xml.gz
1ahi.xml.gz
2ahv.xml.gz
4ah0.xml.gz
2ahu.xml.gz
4aha.xml.gz
6ahs.xml.gz
1ahl.xml.gz
6ahd.xml.gz
2ahp.xml.gz
6ahr.xml.gz
5ah2.xml.gz
1ah0.xml.gz
4ah2.xml.gz
5aht.xml.gz
3ah2.xml.gz
4ahr.xml.gz
2ah2.xml.gz
5ahn.xml.gz
1ahr.xml.gz
3ahg.xml.gz
5ahr.xml.gz
4ah4.xml.gz
5ahb.xml.gz
2ahg.xml.gz
3ahr.xml.gz
3ahu.xml.gz
2ahw.xml.gz
1ahg.xml.gz
5ah8.xml.gz
3ah4.xml.gz
2ahr.xml.gz
6ahi.xml.gz
4ahl.xml.gz
6ahf.xml.gz
2ahk.xml.gz
1ah1.xml.gz
6aht.xml.gz
5ah4.xml.gz
4aht.xml.gz
1ah2.xml.gz
3aht.xml.gz
2aht.xml.gz
4ahi.xml.gz
1ah4.xml.gz
2ahb.xml.gz
1ahx.xml.gz
1ahw.xml.gz
4ahe.xml.gz
5ahk.xml.gz
3ahc.xml.gz
4ahn.xml.gz
*** buffer overflow detected ***: /home/jkleinj/0/POPScomp/POPSC/src/pops terminated
../Makefile.subdir:21: recipe for target '6ahd.json' failed
make[1]: [6ahd.json] Aborted (core dumped) (ignored)
make[1]: Leaving directory '/export/zfspool1/home/jkleinj/database/JSON/ah'
make[1]: Entering directory '/export/zfspool1/home/jkleinj/database/JSON/fo'
6fon.xml.gz
6fog.xml.gz
5foc.xml.gz
1foj.xml.gz
5foq.xml.gz
2fow.xml.gz
1fod.xml.gz
1fok.xml.gz
4foi.xml.gz
5fol.xml.gz
5fo2.xml.gz
5foh.xml.gz
4foc.xml.gz
3fol.xml.gz
2foq.xml.gz
2fov.xml.gz
1fon.xml.gz
6fo5.xml.gz
4fo2.xml.gz
5fo4.xml.gz
5fou.xml.gz
5fos.xml.gz
5fo1.xml.gz
3fop.xml.gz
5fo9.xml.gz
2foy.xml.gz
2fom.xml.gz
3fot.xml.gz
1fo0.xml.gz
3fob.xml.gz
5fo8.xml.gz
3fof.xml.gz
4fon.xml.gz
5fov.xml.gz
2foo.xml.gz
3fo9.xml.gz
5fow.xml.gz
2fo7.xml.gz
4foj.xml.gz
5fox.xml.gz
3foe.xml.gz
4fom.xml.gz
3foq.xml.gz
5foz.xml.gz
1fou.xml.gz
6fox.xml.gz
4fok.xml.gz
5foi.xml.gz
6fo8.xml.gz
3fo6.xml.gz
3fog.xml.gz
2fos.xml.gz
2foc.xml.gz
1foa.xml.gz
6fo1.xml.gz
2fox.xml.gz
2fod.xml.gz
3for.xml.gz
3foi.xml.gz
1foz.xml.gz
6fol.xml.gz
1fo4.xml.gz
4foz.xml.gz
2fo8.xml.gz
3fo2.xml.gz
4fop.xml.gz
2fo4.xml.gz
1fo3.xml.gz
4fos.xml.gz
1fo1.xml.gz
4foq.xml.gz
1fot.xml.gz
3fo5.xml.gz
5fom.xml.gz
1fop.xml.gz
6fod.xml.gz
4fo0.xml.gz
4fob.xml.gz
5fon.xml.gz
6fo6.xml.gz
4fof.xml.gz
4foy.xml.gz
5foy.xml.gz
1fo7.xml.gz
1fo2.xml.gz
6fob.xml.gz
2foe.xml.gz
5fo3.xml.gz
2fo1.xml.gz
3fo1.xml.gz
4fo5.xml.gz
5fok.xml.gz
1fob.xml.gz
1fox.xml.gz
5fog.xml.gz
1fov.xml.gz
2fou.xml.gz
3fo3.xml.gz
2foj.xml.gz
4foo.xml.gz
3foo.xml.gz
3fod.xml.gz
2fok.xml.gz
6fo9.xml.gz
4fou.xml.gz
3fou.xml.gz
6fom.xml.gz
3foh.xml.gz
1foc.xml.gz
5fod.xml.gz
6foq.xml.gz
5foj.xml.gz
6fof.xml.gz
5fof.xml.gz
6for.xml.gz
3fo4.xml.gz
3foc.xml.gz
5for.xml.gz
4fox.xml.gz
5fo0.xml.gz
6foe.xml.gz
6foi.xml.gz
4fo9.xml.gz
3fom.xml.gz
5fot.xml.gz
3fo0.xml.gz
5fob.xml.gz
6fos.xml.gz
2fon.xml.gz
3fon.xml.gz
4fow.xml.gz
6fo7.xml.gz
1foy.xml.gz
4fo7.xml.gz
6foo.xml.gz
1fow.xml.gz
6fo2.xml.gz
5foe.xml.gz
5foa.xml.gz
2fob.xml.gz
1fo8.xml.gz
6fok.xml.gz
2foi.xml.gz
4fov.xml.gz
4fo6.xml.gz
3fov.xml.gz
3fo7.xml.gz
6foa.xml.gz
4fo1.xml.gz
3fo8.xml.gz
3fow.xml.gz
4for.xml.gz
1fo9.xml.gz
1foe.xml.gz
2fot.xml.gz
2fo5.xml.gz
4fo8.xml.gz
2fol.xml.gz
1foq.xml.gz
1foh.xml.gz
4fol.xml.gz
Problem at atoms 554 555 ; system exit = 0
2fo9.xml.gz
2fo0.xml.gz
5fo7.xml.gz
1for.xml.gz
2fop.xml.gz
4fo4.xml.gz
2fo3.xml.gz
6foc.xml.gz
4fod.xml.gz
1fo5.xml.gz
2for.xml.gz
6fo0.xml.gz
4fot.xml.gz
6fop.xml.gz
2foz.xml.gz
1fos.xml.gz
2fof.xml.gz
1fof.xml.gz
1foo.xml.gz
6foy.xml.gz
5fo5.xml.gz
5foo.xml.gz
3foj.xml.gz
3foz.xml.gz
4foe.xml.gz
4foa.xml.gz
2foa.xml.gz
3fok.xml.gz
Problem at atoms 9279 9280 ; system exit = 0
6foz.xml.gz
1foi.xml.gz
2fog.xml.gz
1fol.xml.gz
3foa.xml.gz
6foh.xml.gz
2foh.xml.gz
4fog.xml.gz
1fo6.xml.gz
6fow.xml.gz
make[1]: Leaving directory '/export/zfspool1/home/jkleinj/database/JSON/fo'
make[1]: Entering directory '/export/zfspool1/home/jkleinj/database/JSON/sn'
3sn4.xml.gz
1sn0.xml.gz
6sng.xml.gz
3sna.xml.gz
3snh.xml.gz
3sn6.xml.gz
6sne.xml.gz
6snz.xml.gz
1snb.xml.gz
1sn8.xml.gz
1snt.xml.gz
1snn.xml.gz
1sna.xml.gz
1snd.xml.gz
3snp.xml.gz
3snn.xml.gz
1snq.xml.gz
6snd.xml.gz
1snf.xml.gz
3sne.xml.gz
1sn1.xml.gz
1snr.xml.gz
1snh.xml.gz
3snk.xml.gz
3sn2.xml.gz
3snx.xml.gz
3snf.xml.gz
1sne.xml.gz
1sno.xml.gz
1snl.xml.gz
3snc.xml.gz
1snp.xml.gz
1sn2.xml.gz
2snm.xml.gz
3snz.xml.gz
1snu.xml.gz
3snm.xml.gz
1snm.xml.gz
6sn6.xml.gz
3sni.xml.gz
1snz.xml.gz
6sny.xml.gz
3snd.xml.gz
3sny.xml.gz
3sn8.xml.gz
3sno.xml.gz
1sn4.xml.gz
1snk.xml.gz
3sn9.xml.gz
6snc.xml.gz
3sng.xml.gz
1snx.xml.gz
1snj.xml.gz
3snb.xml.gz
3sns.xml.gz
3snl.xml.gz
2sns.xml.gz
Problem at atoms 595 596 ; system exit = 0
1snc.xml.gz
2sni.xml.gz
2snv.xml.gz
1sn7.xml.gz
3sn5.xml.gz
1sn6.xml.gz
3sn0.xml.gz
3snv.xml.gz
6snu.xml.gz
1sn5.xml.gz
1sn9.xml.gz
2sn3.xml.gz
2snw.xml.gz
3sn1.xml.gz
1sng.xml.gz
1sny.xml.gz
3sn7.xml.gz
make[1]: Leaving directory '/export/zfspool1/home/jkleinj/database/JSON/sn'
make[1]: Entering directory '/export/zfspool1/home/jkleinj/database/JSON/ti'
3tij.xml.gz
1tiu.xml.gz
5tio.xml.gz
1tik.xml.gz
1tit.xml.gz
3tit.xml.gz
5ti9.xml.gz
5tiu.xml.gz
3tir.xml.gz
2tir.xml.gz
3tix.xml.gz
1tio.xml.gz
5tih.xml.gz
5ti3.xml.gz
1tiz.xml.gz
4tim.xml.gz
3ti1.xml.gz
3tio.xml.gz
3tim.xml.gz
3ti4.xml.gz
5ti8.xml.gz
3tik.xml.gz
5tig.xml.gz
5tif.xml.gz
1tij.xml.gz
5tiz.xml.gz
5ti4.xml.gz
3tiz.xml.gz
1tii.xml.gz
3ti0.xml.gz
3ti3.xml.gz
5tiv.xml.gz
3tie.xml.gz
1tiw.xml.gz
5tir.xml.gz
3ti9.xml.gz
3tin.xml.gz
5tik.xml.gz
3tif.xml.gz
5tip.xml.gz
5tiq.xml.gz
6tiq.xml.gz
2tio.xml.gz
3tiv.xml.gz
1tif.xml.gz
3ti7.xml.gz
1tia.xml.gz
5tid.xml.gz
3tih.xml.gz
5tis.xml.gz
3tip.xml.gz
5tic.xml.gz
5til.xml.gz
1tid.xml.gz
1tin.xml.gz
1tig.xml.gz
5tiw.xml.gz
1tim.xml.gz
1tic.xml.gz
< 2 bonds: try '--coarse' switch ; system exit = 0
5tii.xml.gz
3ti6.xml.gz
3tiw.xml.gz
1tiy.xml.gz
6tir.xml.gz
5tix.xml.gz
5ti7.xml.gz
3tiq.xml.gz
5ti1.xml.gz
8tim.xml.gz
5tie.xml.gz
5tim.xml.gz
3tia.xml.gz
1ti8.xml.gz
1tip.xml.gz
3tis.xml.gz
3tiu.xml.gz
3ti2.xml.gz
5tib.xml.gz
1tie.xml.gz
3tid.xml.gz
5ti5.xml.gz
3tii.xml.gz
5ti0.xml.gz
1ti3.xml.gz
5tin.xml.gz
1tiv.xml.gz
3ti5.xml.gz
5tiy.xml.gz
5tij.xml.gz
1tib.xml.gz
1ti5.xml.gz
1tiq.xml.gz
3tiy.xml.gz
6tim.xml.gz
3tig.xml.gz
1ti1.xml.gz
1ti7.xml.gz
5tia.xml.gz
1til.xml.gz
3ti8.xml.gz
Problem at atoms 13939 13940 ; system exit = 0
1tih.xml.gz
1tis.xml.gz
7tim.xml.gz
5ti2.xml.gz
3tic.xml.gz
3tib.xml.gz
5ti6.xml.gz
make[1]: Leaving directory '/export/zfspool1/home/jkleinj/database/JSON/ti'
make[1]: Entering directory '/export/zfspool1/home/jkleinj/database/JSON/zg'
4zgk.xml.gz
5zgi.xml.gz
5zg3.xml.gz
1zgc.xml.gz
1zgf.xml.gz
2zgw.xml.gz
2zg9.xml.gz
2zgk.xml.gz
2zgu.xml.gz
1zg5.xml.gz
1zgk.xml.gz
4zg3.xml.gz
4zg1.xml.gz
3zgi.xml.gz
4zgi.xml.gz
1zg7.xml.gz
3zg0.xml.gz
5zg4.xml.gz
2zgj.xml.gz
5zga.xml.gz
1zgu.xml.gz
3zg7.xml.gz
4zgq.xml.gz
1zg6.xml.gz
3zga.xml.gz
5zgq.xml.gz
2zg7.xml.gz
1zg4.xml.gz
2zg3.xml.gz
5zgp.xml.gz
1zgq.xml.gz
5zg1.xml.gz
1zgw.xml.gz
5zg2.xml.gz
1zge.xml.gz
3zgp.xml.gz
3zgq.xml.gz
1zgs.xml.gz
2zg0.xml.gz
Warning: Atoms 2235 2242 too close
Warning: Atoms 5569 5576 too close
5zgw.xml.gz
4zga.xml.gz
5zgr.xml.gz
4zgw.xml.gz
2zg1.xml.gz
5zgb.xml.gz
4zgr.xml.gz
5zgx.xml.gz
4zgb.xml.gz
1zgb.xml.gz
Too short atom distance 2236 2243 = 0.301577 A ; system exit = 0
3zg1.xml.gz
3zgb.xml.gz
2zgi.xml.gz
4zg8.xml.gz
2zgb.xml.gz
1zgd.xml.gz
4zgp.xml.gz
1zgr.xml.gz
3zg2.xml.gz
2zgq.xml.gz
3zgh.xml.gz
3zgk.xml.gz
4zgc.xml.gz
2zg2.xml.gz
2zg8.xml.gz
1zg1.xml.gz
4zg7.xml.gz
1zgx.xml.gz
Problem at atoms 407 408 ; system exit = 0
5zgd.xml.gz
2zga.xml.gz
2zgr.xml.gz
2zgd.xml.gz
4zgd.xml.gz
1zgi.xml.gz
1zgp.xml.gz
1zg2.xml.gz
3zgd.xml.gz
5zgc.xml.gz
5zgl.xml.gz
2zgt.xml.gz
3zg4.xml.gz
4zgl.xml.gz
5zg0.xml.gz
5zgn.xml.gz
3zgl.xml.gz
5zg8.xml.gz
2zgl.xml.gz
4zgx.xml.gz
4zgn.xml.gz
1zgl.xml.gz
4zg0.xml.gz
3zg8.xml.gz
3zgv.xml.gz
2zgx.xml.gz
3zgn.xml.gz
1zg8.xml.gz
5zgh.xml.gz
5zgf.xml.gz
2zgn.xml.gz
1zg3.xml.gz
2zg6.xml.gz
1zgo.xml.gz
2zgp.xml.gz
4zg6.xml.gz
2zgg.xml.gz
4zgh.xml.gz
5zgo.xml.gz
5zge.xml.gz
4zgo.xml.gz
5zgg.xml.gz
3zgf.xml.gz
5zgt.xml.gz
3zgo.xml.gz
2zgo.xml.gz
4zg4.xml.gz
1zgn.xml.gz
2zgv.xml.gz
1zgg.xml.gz
4zgs.xml.gz
4zgg.xml.gz
5zg6.xml.gz
3zgc.xml.gz
4zgm.xml.gz
2zgs.xml.gz
2zgh.xml.gz
4zgf.xml.gz
5zgm.xml.gz
1zgy.xml.gz
5zgz.xml.gz
3zgg.xml.gz
4zgj.xml.gz
1zgt.xml.gz
4zgz.xml.gz
3zgx.xml.gz
4zge.xml.gz
2zgm.xml.gz
1zgh.xml.gz
5zgu.xml.gz
5zgs.xml.gz
4zgu.xml.gz
5zg9.xml.gz
1zgz.xml.gz
4zg5.xml.gz
4zgy.xml.gz
1zgv.xml.gz
3zgz.xml.gz
3zg9.xml.gz
5zgy.xml.gz
1zga.xml.gz
3zge.xml.gz
2zgy.xml.gz
3zg3.xml.gz
5zgv.xml.gz
3zgj.xml.gz
1zg9.xml.gz
4zg9.xml.gz
4zgv.xml.gz
2zgz.xml.gz
3zg5.xml.gz
2zgc.xml.gz
3zg6.xml.gz
5zg5.xml.gz
1zgj.xml.gz
3zgy.xml.gz
Problem at atoms 1610 1611 ; system exit = 0
make[1]: Leaving directory '/export/zfspool1/home/jkleinj/database/JSON/zg'
make[1]: Entering directory '/export/zfspool1/home/jkleinj/database/JSON/v2'
1v27.xml.gz
5v2q.xml.gz
4v2o.xml.gz
3v2i.xml.gz
5v2j.xml.gz
2v23.xml.gz
4v2v.xml.gz
2v2l.xml.gz
4v2s.xml.gz
1v2v.xml.gz
1v2b.xml.gz
5v27.xml.gz
2v2q.xml.gz
2v2c.xml.gz
3v2v.xml.gz
4v2w.xml.gz
5v2x.xml.gz
2v22.xml.gz
2v28.xml.gz
4v2f.xml.gz
1v2d.xml.gz
Warning: Atoms 1208 1209 too close
2v2g.xml.gz
4v2a.xml.gz
5v2n.xml.gz
1v2r.xml.gz
2v20.xml.gz
Too short atom distance 1259 1260 = 0.417206 A ; system exit = 0
1v2e.xml.gz
5v26.xml.gz
2v2j.xml.gz
5v2u.xml.gz
2v2a.xml.gz
1v29.xml.gz
1v2w.xml.gz
3v2t.xml.gz
4v2n.xml.gz
2v2m.xml.gz
2v2d.xml.gz
5v2p.xml.gz
5v2c.xml.gz
4v25.xml.gz
4v23.xml.gz
5v23.xml.gz
2v2e.xml.gz
4v2b.xml.gz
1v2n.xml.gz
3v2q.xml.gz
2v29.xml.gz
4v27.xml.gz
3v2l.xml.gz
3v2k.xml.gz
2v2x.xml.gz
1v2k.xml.gz
1v2x.xml.gz
5v2o.xml.gz
2v24.xml.gz
3v21.xml.gz
2v2k.xml.gz
3v2g.xml.gz
1v2z.xml.gz
2v2f.xml.gz
1v2y.xml.gz
2v2r.xml.gz
3v2p.xml.gz
3v2m.xml.gz
4v2u.xml.gz
3v2z.xml.gz
1v2o.xml.gz
1v2a.xml.gz
4v2e.xml.gz
2v2i.xml.gz
1v2m.xml.gz
2v2t.xml.gz
1v28.xml.gz
4v26.xml.gz
2v2h.xml.gz
3v2o.xml.gz
3v2w.xml.gz
5v2t.xml.gz
4v29.xml.gz
4v2c.xml.gz
6v2l.xml.gz
2v2w.xml.gz
5v2l.xml.gz
2v2s.xml.gz
1v2j.xml.gz
3v2b.xml.gz
1v25.xml.gz
5v2i.xml.gz
1v2f.xml.gz
2v27.xml.gz
3v2x.xml.gz
Too short atom distance 1273 1274 = 0.690159 A ; system exit = 0
5v2b.xml.gz
2v2n.xml.gz
5v2h.xml.gz
1v2q.xml.gz
2v2u.xml.gz
3v2j.xml.gz
3v2r.xml.gz
4v2r.xml.gz
4v2g.xml.gz
4v2t.xml.gz
3v2n.xml.gz
2v2p.xml.gz
4v2z.xml.gz
2v2v.xml.gz
5v2r.xml.gz
4v2q.xml.gz
< 2 bonds: try '--coarse' switch ; system exit = 0
3v2y.xml.gz
2v2o.xml.gz
5v24.xml.gz
5v28.xml.gz
5v2g.xml.gz
5v21.xml.gz
3v2u.xml.gz
1v2i.xml.gz
4v24.xml.gz
4v2p.xml.gz
2v25.xml.gz
5v2s.xml.gz
1v2t.xml.gz
2v2b.xml.gz
1v2s.xml.gz
5v2a.xml.gz
4v2i.xml.gz
2v26.xml.gz
4v2l.xml.gz
5v2m.xml.gz
4v2x.xml.gz
4v2k.xml.gz
3v2h.xml.gz
1v2u.xml.gz
5v2k.xml.gz
2v21.xml.gz
5v2v.xml.gz
2v2z.xml.gz
6v2m.xml.gz
4v20.xml.gz
Problem at atoms 2018 2019 ; system exit = 0
1v2p.xml.gz
5v2d.xml.gz
5v2w.xml.gz
3v20.xml.gz
5v2z.xml.gz
1v26.xml.gz
1v2l.xml.gz
5v2y.xml.gz
5v22.xml.gz
3v2a.xml.gz
1v2g.xml.gz
4v2y.xml.gz
4v2m.xml.gz
4v2d.xml.gz
4v28.xml.gz
1v2h.xml.gz
make[1]: Leaving directory '/export/zfspool1/home/jkleinj/database/JSON/v2'
make[1]: Entering directory '/export/zfspool1/home/jkleinj/database/JSON/hu'
4huj.xml.gz
4hu2.xml.gz
3huj.xml.gz
4hu1.xml.gz
5hu3.xml.gz
2hut.xml.gz
2hu1.xml.gz
1huj.xml.gz
5hue.xml.gz
1huq.xml.gz
3huu.xml.gz
1hu5.xml.gz
2hu9.xml.gz
6hug.xml.gz
6hus.xml.gz
6hux.xml.gz
6hui.xml.gz
4huh.xml.gz
1huy.xml.gz
2hux.xml.gz
5huc.xml.gz
5hu1.xml.gz
2huc.xml.gz
6huk.xml.gz
6hu0.xml.gz
5huk.xml.gz
3huk.xml.gz
3hu1.xml.gz
1huk.xml.gz
3hur.xml.gz
4hur.xml.gz
5hup.xml.gz
3hu6.xml.gz
2hu3.xml.gz
1huh.xml.gz
2hu0.xml.gz
2hub.xml.gz
5hug.xml.gz
1hue.xml.gz
6hul.xml.gz
4hue.xml.gz
6huz.xml.gz
5huz.xml.gz
3hug.xml.gz
2huj.xml.gz
4huv.xml.gz
1huz.xml.gz
5hu9.xml.gz
3hul.xml.gz
6hu7.xml.gz
1hul.xml.gz
2huv.xml.gz
2huh.xml.gz
5huw.xml.gz
5hu6.xml.gz
2hua.xml.gz
3hu7.xml.gz
1hut.xml.gz
6huo.xml.gz
1huw.xml.gz
4huo.xml.gz
4hu6.xml.gz
3huo.xml.gz
6hu4.xml.gz
5hux.xml.gz
2hu2.xml.gz
6huy.xml.gz
4hux.xml.gz
5hu4.xml.gz
3huv.xml.gz
1hu8.xml.gz
1hu0.xml.gz
5huj.xml.gz
6hu2.xml.gz
2hui.xml.gz
1hui.xml.gz
3huh.xml.gz
5huf.xml.gz
5hus.xml.gz
2hu6.xml.gz
4hup.xml.gz
5hua.xml.gz
4huf.xml.gz
4huk.xml.gz
6huv.xml.gz
6huq.xml.gz
2huk.xml.gz
4huq.xml.gz
1huc.xml.gz
3huq.xml.gz
4hu3.xml.gz
3hu3.xml.gz
6hu6.xml.gz
1hu3.xml.gz
3hu9.xml.gz
5hum.xml.gz
4hun.xml.gz
6hud.xml.gz
1hu6.xml.gz
3hum.xml.gz
2hue.xml.gz
6hue.xml.gz
6huf.xml.gz
1huv.xml.gz
6hu1.xml.gz
5hub.xml.gz
3huf.xml.gz
1huf.xml.gz
4huu.xml.gz
5huq.xml.gz
2huf.xml.gz
4hug.xml.gz
6huj.xml.gz
6huh.xml.gz
3hu5.xml.gz
5huy.xml.gz
4huz.xml.gz
6hu8.xml.gz
1hur.xml.gz
3hu8.xml.gz
Problem at atoms 561 562 ; system exit = 0
2huz.xml.gz
1huu.xml.gz
6hua.xml.gz
3hup.xml.gz
2hu8.xml.gz
2hup.xml.gz
4hul.xml.gz
2hul.xml.gz
6hub.xml.gz
5hu0.xml.gz
6hum.xml.gz
2hun.xml.gz
4hum.xml.gz
2hum.xml.gz
4hu0.xml.gz
1hum.xml.gz
5hun.xml.gz
2hug.xml.gz
6hu5.xml.gz
5hur.xml.gz
4hus.xml.gz
3hun.xml.gz
4hu7.xml.gz
4hu4.xml.gz
6hun.xml.gz
2hu7.xml.gz
1hun.xml.gz
3huc.xml.gz
5huo.xml.gz
2hur.xml.gz
1hug.xml.gz
6hu3.xml.gz
6huc.xml.gz
6huw.xml.gz
3hub.xml.gz
4huw.xml.gz
2hu4.xml.gz
2huw.xml.gz
3hus.xml.gz
1hu7.xml.gz
1hus.xml.gz
3hua.xml.gz
2huo.xml.gz
3hue.xml.gz
5hul.xml.gz
5huh.xml.gz
5hu8.xml.gz
6huu.xml.gz
4hua.xml.gz
4hu8.xml.gz
6hup.xml.gz
5huu.xml.gz
6hu9.xml.gz
6hur.xml.gz
2hu5.xml.gz
4hu9.xml.gz
1hux.xml.gz
1hup.xml.gz
2huq.xml.gz
4hud.xml.gz
4hu5.xml.gz
3hud.xml.gz
5hui.xml.gz
5hu2.xml.gz
5hut.xml.gz
3hui.xml.gz
4huc.xml.gz
4hut.xml.gz
1hu9.xml.gz
3hu2.xml.gz
3hut.xml.gz
2huu.xml.gz
1huo.xml.gz
1hua.xml.gz
Error: Invalid PDB file (1hua.xml.gz)
../Makefile.subdir:21: recipe for target '1hua.json' failed
make[1]: [1hua.json] Error 1 (ignored)
5hud.xml.gz
5hu7.xml.gz
5huv.xml.gz
make[1]: Leaving directory '/export/zfspool1/home/jkleinj/database/JSON/hu'
make[1]: Entering directory '/export/zfspool1/home/jkleinj/database/JSON/or'
2ork.xml.gz
2or4.xml.gz
1or7.xml.gz
5ory.xml.gz
1or3.xml.gz
1ort.xml.gz
2or8.xml.gz
5orq.xml.gz
1or6.xml.gz
2orc.xml.gz
2orr.xml.gz
1org.xml.gz
4orm.xml.gz
3or7.xml.gz
3orw.xml.gz
4orb.xml.gz
1orh.xml.gz
3orf.xml.gz
5or9.xml.gz
2orp.xml.gz
2orm.xml.gz
4ord.xml.gz
5or1.xml.gz
2orj.xml.gz
2oru.xml.gz
4oro.xml.gz
3orz.xml.gz
3or6.xml.gz
5or2.xml.gz
5orp.xml.gz
3or3.xml.gz
2or9.xml.gz
2orb.xml.gz
2orv.xml.gz
1or5.xml.gz
4orl.xml.gz
5orf.xml.gz
3oro.xml.gz
2or7.xml.gz
2ory.xml.gz
5orx.xml.gz
3orn.xml.gz
4orw.xml.gz
1orq.xml.gz
5ork.xml.gz
6orl.xml.gz
6or2.xml.gz
6or9.xml.gz
3ord.xml.gz
5orw.xml.gz
1orx.xml.gz
1ors.xml.gz
2ora.xml.gz
4oru.xml.gz
4org.xml.gz
5ori.xml.gz
2orl.xml.gz
5or3.xml.gz
3orv.xml.gz
3orx.xml.gz
4ora.xml.gz
2org.xml.gz
5orj.xml.gz
5oro.xml.gz
2orh.xml.gz
3orr.xml.gz
3or0.xml.gz
6or4.xml.gz
5orr.xml.gz
2orf.xml.gz
5orh.xml.gz
4orr.xml.gz
6orp.xml.gz
6orf.xml.gz
4or9.xml.gz
1or0.xml.gz
2oro.xml.gz
4ors.xml.gz
6or1.xml.gz
1orv.xml.gz
4orx.xml.gz
6or0.xml.gz
5ore.xml.gz
1orm.xml.gz
2or3.xml.gz
3or5.xml.gz
6ora.xml.gz
1orf.xml.gz
6orr.xml.gz
5or4.xml.gz
3orl.xml.gz
1orn.xml.gz
1ork.xml.gz
6oro.xml.gz
1or8.xml.gz
Too short atom distance 2508 2534 = 0.000000 A ; system exit = 0
4ori.xml.gz
3orj.xml.gz
3orc.xml.gz
2orq.xml.gz
2orz.xml.gz
6or6.xml.gz
1oru.xml.gz
1or2.xml.gz
4ory.xml.gz
1ord.xml.gz
1orc.xml.gz
2orw.xml.gz
5orb.xml.gz
6orq.xml.gz
5ort.xml.gz
6org.xml.gz
2ori.xml.gz
3orh.xml.gz
2ore.xml.gz
3orm.xml.gz
2or1.xml.gz
4or6.xml.gz
6or7.xml.gz
1orp.xml.gz
4orz.xml.gz
3ori.xml.gz
4or4.xml.gz
5or5.xml.gz
2ors.xml.gz
4or1.xml.gz
3ory.xml.gz
5or6.xml.gz
2or0.xml.gz
5orl.xml.gz
4orn.xml.gz
4or7.xml.gz
2ort.xml.gz
3ore.xml.gz
4or8.xml.gz
5orv.xml.gz
5or7.xml.gz
5orz.xml.gz
4ork.xml.gz
3or2.xml.gz
4or5.xml.gz
1ory.xml.gz
1orr.xml.gz
6ore.xml.gz
2orx.xml.gz
3or1.xml.gz
6orb.xml.gz
4orc.xml.gz
3ort.xml.gz
1oro.xml.gz
1orl.xml.gz
1orw.xml.gz
5orn.xml.gz
3oru.xml.gz
6orh.xml.gz
2ord.xml.gz
4orv.xml.gz
6orj.xml.gz
1ori.xml.gz
2or2.xml.gz
3org.xml.gz
4orh.xml.gz
Problem at atoms 7993 7994 ; system exit = 0
3ork.xml.gz
3orp.xml.gz
1ore.xml.gz
5orm.xml.gz
4or0.xml.gz
3ors.xml.gz
1or4.xml.gz
6or5.xml.gz
5or0.xml.gz
5org.xml.gz
1orj.xml.gz
5ors.xml.gz
5or8.xml.gz
3orq.xml.gz
4or2.xml.gz
6orn.xml.gz
1orb.xml.gz
4ore.xml.gz
6or8.xml.gz
4orf.xml.gz
Makefile:59: recipe for target 'mkpops' failed
make: *** [mkpops] Terminated
make[1]: Leaving directory '/export/zfspool1/home/jkleinj/database/JSON/or'
