This file contains any messages produced by compilers while
running configure, to aid debugging if configure makes a mistake.

It was created by pops configure 3.1.5, which was
generated by GNU Autoconf 2.69.  Invocation command line was

  $ ./configure 

## --------- ##
## Platform. ##
## --------- ##

hostname = ac
uname -m = x86_64
uname -r = 4.15.0-1079-oem
uname -s = Linux
uname -v = #89-Ubuntu SMP Fri Mar 27 05:22:11 UTC 2020

/usr/bin/uname -p = unknown
/bin/uname -X     = unknown

/bin/arch              = unknown
/usr/bin/arch -k       = unknown
/usr/convex/getsysinfo = unknown
/usr/bin/hostinfo      = unknown
/bin/machine           = unknown
/usr/bin/oslevel       = unknown
/bin/universe          = unknown

PATH: /home/jkleinj/gc/google-cloud-sdk/bin
PATH: /usr/local/sbin
PATH: /usr/local/bin
PATH: /usr/sbin
PATH: /usr/bin
PATH: /sbin
PATH: /bin
PATH: /usr/games
PATH: /usr/local/games
PATH: /snap/bin


## ----------- ##
## Core tests. ##
## ----------- ##

configure:2337: checking for a BSD-compatible install
configure:2405: result: /usr/bin/install -c
configure:2416: checking whether build environment is sane
configure:2471: result: yes
configure:2622: checking for a thread-safe mkdir -p
configure:2661: result: /bin/mkdir -p
configure:2668: checking for gawk
configure:2698: result: no
configure:2668: checking for mawk
configure:2684: found /usr/bin/mawk
configure:2695: result: mawk
configure:2706: checking whether make sets $(MAKE)
configure:2728: result: yes
configure:2757: checking whether make supports nested variables
configure:2774: result: yes
configure:2914: checking for style of include used by make
configure:2942: result: GNU
configure:3013: checking for gcc
configure:3029: found /usr/bin/gcc
configure:3040: result: gcc
configure:3269: checking for C compiler version
configure:3278: gcc --version >&5
gcc (Ubuntu 7.5.0-3ubuntu1~18.04) 7.5.0
Copyright (C) 2017 Free Software Foundation, Inc.
This is free software; see the source for copying conditions.  There is NO
warranty; not even for MERCHANTABILITY or FITNESS FOR A PARTICULAR PURPOSE.

configure:3289: $? = 0
configure:3278: gcc -v >&5
Using built-in specs.
COLLECT_GCC=gcc
COLLECT_LTO_WRAPPER=/usr/lib/gcc/x86_64-linux-gnu/7/lto-wrapper
OFFLOAD_TARGET_NAMES=nvptx-none
OFFLOAD_TARGET_DEFAULT=1
Target: x86_64-linux-gnu
Configured with: ../src/configure -v --with-pkgversion='Ubuntu 7.5.0-3ubuntu1~18.04' --with-bugurl=file:///usr/share/doc/gcc-7/README.Bugs --enable-languages=c,ada,c++,go,brig,d,fortran,objc,obj-c++ --prefix=/usr --with-gcc-major-version-only --program-suffix=-7 --program-prefix=x86_64-linux-gnu- --enable-shared --enable-linker-build-id --libexecdir=/usr/lib --without-included-gettext --enable-threads=posix --libdir=/usr/lib --enable-nls --enable-bootstrap --enable-clocale=gnu --enable-libstdcxx-debug --enable-libstdcxx-time=yes --with-default-libstdcxx-abi=new --enable-gnu-unique-object --disable-vtable-verify --enable-libmpx --enable-plugin --enable-default-pie --with-system-zlib --with-target-system-zlib --enable-objc-gc=auto --enable-multiarch --disable-werror --with-arch-32=i686 --with-abi=m64 --with-multilib-list=m32,m64,mx32 --enable-multilib --with-tune=generic --enable-offload-targets=nvptx-none --without-cuda-driver --enable-checking=release --build=x86_64-linux-gnu --host=x86_64-linux-gnu --target=x86_64-linux-gnu
Thread model: posix
gcc version 7.5.0 (Ubuntu 7.5.0-3ubuntu1~18.04) 
configure:3289: $? = 0
configure:3278: gcc -V >&5
gcc: error: unrecognized command line option '-V'
gcc: fatal error: no input files
compilation terminated.
configure:3289: $? = 1
configure:3278: gcc -qversion >&5
gcc: error: unrecognized command line option '-qversion'; did you mean '--version'?
gcc: fatal error: no input files
compilation terminated.
configure:3289: $? = 1
configure:3309: checking whether the C compiler works
configure:3331: gcc    conftest.c  >&5
configure:3335: $? = 0
configure:3383: result: yes
configure:3386: checking for C compiler default output file name
configure:3388: result: a.out
configure:3394: checking for suffix of executables
configure:3401: gcc -o conftest    conftest.c  >&5
configure:3405: $? = 0
configure:3427: result: 
configure:3449: checking whether we are cross compiling
configure:3457: gcc -o conftest    conftest.c  >&5
configure:3461: $? = 0
configure:3468: ./conftest
configure:3472: $? = 0
configure:3487: result: no
configure:3492: checking for suffix of object files
configure:3514: gcc -c   conftest.c >&5
configure:3518: $? = 0
configure:3539: result: o
configure:3543: checking whether we are using the GNU C compiler
configure:3562: gcc -c   conftest.c >&5
configure:3562: $? = 0
configure:3571: result: yes
configure:3580: checking whether gcc accepts -g
configure:3600: gcc -c -g  conftest.c >&5
configure:3600: $? = 0
configure:3641: result: yes
configure:3658: checking for gcc option to accept ISO C89
configure:3721: gcc  -c -g -O2  conftest.c >&5
configure:3721: $? = 0
configure:3734: result: none needed
configure:3759: checking whether gcc understands -c and -o together
configure:3781: gcc -c conftest.c -o conftest2.o
configure:3784: $? = 0
configure:3781: gcc -c conftest.c -o conftest2.o
configure:3784: $? = 0
configure:3796: result: yes
configure:3815: checking dependency style of gcc
configure:3926: result: gcc3
configure:3942: checking whether gcc and cc understand -c and -o together
configure:3973: gcc -c conftest.c -o conftest2.o >&5
configure:3977: $? = 0
configure:3983: gcc -c conftest.c -o conftest2.o >&5
configure:3987: $? = 0
configure:3998: cc -c conftest.c >&5
configure:4002: $? = 0
configure:4010: cc -c conftest.c -o conftest2.o >&5
configure:4014: $? = 0
configure:4020: cc -c conftest.c -o conftest2.o >&5
configure:4024: $? = 0
configure:4042: result: yes
configure:4110: checking for g++
configure:4126: found /usr/bin/g++
configure:4137: result: g++
configure:4164: checking for C++ compiler version
configure:4173: g++ --version >&5
g++ (Ubuntu 7.5.0-3ubuntu1~18.04) 7.5.0
Copyright (C) 2017 Free Software Foundation, Inc.
This is free software; see the source for copying conditions.  There is NO
warranty; not even for MERCHANTABILITY or FITNESS FOR A PARTICULAR PURPOSE.

configure:4184: $? = 0
configure:4173: g++ -v >&5
Using built-in specs.
COLLECT_GCC=g++
COLLECT_LTO_WRAPPER=/usr/lib/gcc/x86_64-linux-gnu/7/lto-wrapper
OFFLOAD_TARGET_NAMES=nvptx-none
OFFLOAD_TARGET_DEFAULT=1
Target: x86_64-linux-gnu
Configured with: ../src/configure -v --with-pkgversion='Ubuntu 7.5.0-3ubuntu1~18.04' --with-bugurl=file:///usr/share/doc/gcc-7/README.Bugs --enable-languages=c,ada,c++,go,brig,d,fortran,objc,obj-c++ --prefix=/usr --with-gcc-major-version-only --program-suffix=-7 --program-prefix=x86_64-linux-gnu- --enable-shared --enable-linker-build-id --libexecdir=/usr/lib --without-included-gettext --enable-threads=posix --libdir=/usr/lib --enable-nls --enable-bootstrap --enable-clocale=gnu --enable-libstdcxx-debug --enable-libstdcxx-time=yes --with-default-libstdcxx-abi=new --enable-gnu-unique-object --disable-vtable-verify --enable-libmpx --enable-plugin --enable-default-pie --with-system-zlib --with-target-system-zlib --enable-objc-gc=auto --enable-multiarch --disable-werror --with-arch-32=i686 --with-abi=m64 --with-multilib-list=m32,m64,mx32 --enable-multilib --with-tune=generic --enable-offload-targets=nvptx-none --without-cuda-driver --enable-checking=release --build=x86_64-linux-gnu --host=x86_64-linux-gnu --target=x86_64-linux-gnu
Thread model: posix
gcc version 7.5.0 (Ubuntu 7.5.0-3ubuntu1~18.04) 
configure:4184: $? = 0
configure:4173: g++ -V >&5
g++: error: unrecognized command line option '-V'
g++: fatal error: no input files
compilation terminated.
configure:4184: $? = 1
configure:4173: g++ -qversion >&5
g++: error: unrecognized command line option '-qversion'; did you mean '--version'?
g++: fatal error: no input files
compilation terminated.
configure:4184: $? = 1
configure:4188: checking whether we are using the GNU C++ compiler
configure:4207: g++ -c   conftest.cpp >&5
configure:4207: $? = 0
configure:4216: result: yes
configure:4225: checking whether g++ accepts -g
configure:4245: g++ -c -g  conftest.cpp >&5
configure:4245: $? = 0
configure:4286: result: yes
configure:4311: checking dependency style of g++
configure:4422: result: gcc3
configure:4441: checking for main in -lm
configure:4460: gcc -o conftest -g -O2   conftest.c -lm   >&5
configure:4460: $? = 0
configure:4469: result: yes
configure:4489: checking how to run the C preprocessor
configure:4520: gcc -E  conftest.c
configure:4520: $? = 0
configure:4534: gcc -E  conftest.c
conftest.c:12:10: fatal error: ac_nonexistent.h: No such file or directory
 #include <ac_nonexistent.h>
          ^~~~~~~~~~~~~~~~~~
compilation terminated.
configure:4534: $? = 1
configure: failed program was:
| /* confdefs.h */
| #define PACKAGE_NAME "pops"
| #define PACKAGE_TARNAME "pops"
| #define PACKAGE_VERSION "3.1.5"
| #define PACKAGE_STRING "pops 3.1.5"
| #define PACKAGE_BUGREPORT "jens@jkleinj.eu"
| #define PACKAGE_URL ""
| #define PACKAGE "pops"
| #define VERSION "3.1.5"
| #define HAVE_LIBM 1
| /* end confdefs.h.  */
| #include <ac_nonexistent.h>
configure:4559: result: gcc -E
configure:4579: gcc -E  conftest.c
configure:4579: $? = 0
configure:4593: gcc -E  conftest.c
conftest.c:12:10: fatal error: ac_nonexistent.h: No such file or directory
 #include <ac_nonexistent.h>
          ^~~~~~~~~~~~~~~~~~
compilation terminated.
configure:4593: $? = 1
configure: failed program was:
| /* confdefs.h */
| #define PACKAGE_NAME "pops"
| #define PACKAGE_TARNAME "pops"
| #define PACKAGE_VERSION "3.1.5"
| #define PACKAGE_STRING "pops 3.1.5"
| #define PACKAGE_BUGREPORT "jens@jkleinj.eu"
| #define PACKAGE_URL ""
| #define PACKAGE "pops"
| #define VERSION "3.1.5"
| #define HAVE_LIBM 1
| /* end confdefs.h.  */
| #include <ac_nonexistent.h>
configure:4622: checking for grep that handles long lines and -e
configure:4680: result: /bin/grep
configure:4685: checking for egrep
configure:4747: result: /bin/grep -E
configure:4752: checking for ANSI C header files
configure:4772: gcc -c -g -O2  conftest.c >&5
configure:4772: $? = 0
configure:4845: gcc -o conftest -g -O2   conftest.c -lm  >&5
configure:4845: $? = 0
configure:4845: ./conftest
configure:4845: $? = 0
configure:4856: result: yes
configure:4869: checking for sys/types.h
configure:4869: gcc -c -g -O2  conftest.c >&5
configure:4869: $? = 0
configure:4869: result: yes
configure:4869: checking for sys/stat.h
configure:4869: gcc -c -g -O2  conftest.c >&5
configure:4869: $? = 0
configure:4869: result: yes
configure:4869: checking for stdlib.h
configure:4869: gcc -c -g -O2  conftest.c >&5
configure:4869: $? = 0
configure:4869: result: yes
configure:4869: checking for string.h
configure:4869: gcc -c -g -O2  conftest.c >&5
configure:4869: $? = 0
configure:4869: result: yes
configure:4869: checking for memory.h
configure:4869: gcc -c -g -O2  conftest.c >&5
configure:4869: $? = 0
configure:4869: result: yes
configure:4869: checking for strings.h
configure:4869: gcc -c -g -O2  conftest.c >&5
configure:4869: $? = 0
configure:4869: result: yes
configure:4869: checking for inttypes.h
configure:4869: gcc -c -g -O2  conftest.c >&5
configure:4869: $? = 0
configure:4869: result: yes
configure:4869: checking for stdint.h
configure:4869: gcc -c -g -O2  conftest.c >&5
configure:4869: $? = 0
configure:4869: result: yes
configure:4869: checking for unistd.h
configure:4869: gcc -c -g -O2  conftest.c >&5
configure:4869: $? = 0
configure:4869: result: yes
configure:4884: checking float.h usability
configure:4884: gcc -c -g -O2  conftest.c >&5
configure:4884: $? = 0
configure:4884: result: yes
configure:4884: checking float.h presence
configure:4884: gcc -E  conftest.c
configure:4884: $? = 0
configure:4884: result: yes
configure:4884: checking for float.h
configure:4884: result: yes
configure:4884: checking for stdlib.h
configure:4884: result: yes
configure:4884: checking for string.h
configure:4884: result: yes
configure:4896: checking for size_t
configure:4896: gcc -c -g -O2  conftest.c >&5
configure:4896: $? = 0
configure:4896: gcc -c -g -O2  conftest.c >&5
conftest.c: In function 'main':
conftest.c:61:21: error: expected expression before ')' token
 if (sizeof ((size_t)))
                     ^
configure:4896: $? = 1
configure: failed program was:
| /* confdefs.h */
| #define PACKAGE_NAME "pops"
| #define PACKAGE_TARNAME "pops"
| #define PACKAGE_VERSION "3.1.5"
| #define PACKAGE_STRING "pops 3.1.5"
| #define PACKAGE_BUGREPORT "jens@jkleinj.eu"
| #define PACKAGE_URL ""
| #define PACKAGE "pops"
| #define VERSION "3.1.5"
| #define HAVE_LIBM 1
| #define STDC_HEADERS 1
| #define HAVE_SYS_TYPES_H 1
| #define HAVE_SYS_STAT_H 1
| #define HAVE_STDLIB_H 1
| #define HAVE_STRING_H 1
| #define HAVE_MEMORY_H 1
| #define HAVE_STRINGS_H 1
| #define HAVE_INTTYPES_H 1
| #define HAVE_STDINT_H 1
| #define HAVE_UNISTD_H 1
| #define HAVE_FLOAT_H 1
| #define HAVE_STDLIB_H 1
| #define HAVE_STRING_H 1
| /* end confdefs.h.  */
| #include <stdio.h>
| #ifdef HAVE_SYS_TYPES_H
| # include <sys/types.h>
| #endif
| #ifdef HAVE_SYS_STAT_H
| # include <sys/stat.h>
| #endif
| #ifdef STDC_HEADERS
| # include <stdlib.h>
| # include <stddef.h>
| #else
| # ifdef HAVE_STDLIB_H
| #  include <stdlib.h>
| # endif
| #endif
| #ifdef HAVE_STRING_H
| # if !defined STDC_HEADERS && defined HAVE_MEMORY_H
| #  include <memory.h>
| # endif
| # include <string.h>
| #endif
| #ifdef HAVE_STRINGS_H
| # include <strings.h>
| #endif
| #ifdef HAVE_INTTYPES_H
| # include <inttypes.h>
| #endif
| #ifdef HAVE_STDINT_H
| # include <stdint.h>
| #endif
| #ifdef HAVE_UNISTD_H
| # include <unistd.h>
| #endif
| int
| main ()
| {
| if (sizeof ((size_t)))
| 	    return 0;
|   ;
|   return 0;
| }
configure:4896: result: yes
configure:4911: checking for stdlib.h
configure:4911: result: yes
configure:4921: checking for GNU libc compatible malloc
configure:4945: gcc -o conftest -g -O2   conftest.c -lm  >&5
configure:4945: $? = 0
configure:4945: ./conftest
configure:4945: $? = 0
configure:4955: result: yes
configure:4978: checking for stdlib.h
configure:4978: result: yes
configure:4988: checking for GNU libc compatible realloc
configure:5012: gcc -o conftest -g -O2   conftest.c -lm  >&5
configure:5012: $? = 0
configure:5012: ./conftest
configure:5012: $? = 0
configure:5022: result: yes
configure:5046: checking for pow
configure:5046: gcc -o conftest -g -O2   conftest.c -lm  >&5
conftest.c:52:6: warning: conflicting types for built-in function 'pow' [-Wbuiltin-declaration-mismatch]
 char pow ();
      ^~~
configure:5046: $? = 0
configure:5046: result: yes
configure:5046: checking for sqrt
configure:5046: gcc -o conftest -g -O2   conftest.c -lm  >&5
conftest.c:53:6: warning: conflicting types for built-in function 'sqrt' [-Wbuiltin-declaration-mismatch]
 char sqrt ();
      ^~~~
configure:5046: $? = 0
configure:5046: result: yes
configure:5065: checking for gcc option to support OpenMP
configure:5080: gcc -o conftest -g -O2   conftest.c -lm  >&5
conftest.c:33:2: error: unknown type name 'choke'
  choke me
  ^~~~~
In file included from conftest.c:35:0:
/usr/lib/gcc/x86_64-linux-gnu/7/include/omp.h:35:1: error: expected '=', ',', ';', 'asm' or '__attribute__' before 'typedef'
 typedef struct
 ^~~~~~~
configure:5080: $? = 1
configure: failed program was:
| /* confdefs.h */
| #define PACKAGE_NAME "pops"
| #define PACKAGE_TARNAME "pops"
| #define PACKAGE_VERSION "3.1.5"
| #define PACKAGE_STRING "pops 3.1.5"
| #define PACKAGE_BUGREPORT "jens@jkleinj.eu"
| #define PACKAGE_URL ""
| #define PACKAGE "pops"
| #define VERSION "3.1.5"
| #define HAVE_LIBM 1
| #define STDC_HEADERS 1
| #define HAVE_SYS_TYPES_H 1
| #define HAVE_SYS_STAT_H 1
| #define HAVE_STDLIB_H 1
| #define HAVE_STRING_H 1
| #define HAVE_MEMORY_H 1
| #define HAVE_STRINGS_H 1
| #define HAVE_INTTYPES_H 1
| #define HAVE_STDINT_H 1
| #define HAVE_UNISTD_H 1
| #define HAVE_FLOAT_H 1
| #define HAVE_STDLIB_H 1
| #define HAVE_STRING_H 1
| #define HAVE_STDLIB_H 1
| #define HAVE_MALLOC 1
| #define HAVE_STDLIB_H 1
| #define HAVE_REALLOC 1
| #define HAVE_POW 1
| #define HAVE_SQRT 1
| /* end confdefs.h.  */
| 
| #ifndef _OPENMP
|  choke me
| #endif
| #include <omp.h>
| int main () { return omp_get_num_threads (); }
| 
configure:5098: gcc -o conftest -g -O2 -fopenmp   conftest.c -lm  >&5
configure:5098: $? = 0
configure:5112: result: -fopenmp
configure:5371: checking for pkg-config
configure:5389: found /usr/bin/pkg-config
configure:5401: result: /usr/bin/pkg-config
configure:5426: checking pkg-config is at least version 0.9.0
configure:5429: result: yes
configure:5439: checking for XML
configure:5446: $PKG_CONFIG --exists --print-errors "libxml-2.0 >= 2.4"
configure:5449: $? = 0
configure:5463: $PKG_CONFIG --exists --print-errors "libxml-2.0 >= 2.4"
configure:5466: $? = 0
configure:5524: result: yes
configure:5534: checking for ZLIB
configure:5541: $PKG_CONFIG --exists --print-errors "zlib >= 1.0"
configure:5544: $? = 0
configure:5558: $PKG_CONFIG --exists --print-errors "zlib >= 1.0"
configure:5561: $? = 0
configure:5619: result: yes
configure:5740: checking that generated files are newer than configure
configure:5746: result: done
configure:5773: creating ./config.status

## ---------------------- ##
## Running config.status. ##
## ---------------------- ##

This file was extended by pops config.status 3.1.5, which was
generated by GNU Autoconf 2.69.  Invocation command line was

  CONFIG_FILES    = 
  CONFIG_HEADERS  = 
  CONFIG_LINKS    = 
  CONFIG_COMMANDS = 
  $ ./config.status 

on ac

config.status:880: creating Makefile
config.status:880: creating src/Makefile
config.status:880: creating tests/Makefile
config.status:880: creating src/config.h
config.status:1109: executing depfiles commands

## ---------------- ##
## Cache variables. ##
## ---------------- ##

ac_cv_c_compiler_gnu=yes
ac_cv_cxx_compiler_gnu=yes
ac_cv_env_CCC_set=
ac_cv_env_CCC_value=
ac_cv_env_CC_set=
ac_cv_env_CC_value=
ac_cv_env_CFLAGS_set=
ac_cv_env_CFLAGS_value=
ac_cv_env_CPPFLAGS_set=
ac_cv_env_CPPFLAGS_value=
ac_cv_env_CPP_set=
ac_cv_env_CPP_value=
ac_cv_env_CXXFLAGS_set=
ac_cv_env_CXXFLAGS_value=
ac_cv_env_CXX_set=
ac_cv_env_CXX_value=
ac_cv_env_LDFLAGS_set=
ac_cv_env_LDFLAGS_value=
ac_cv_env_LIBS_set=
ac_cv_env_LIBS_value=
ac_cv_env_PKG_CONFIG_LIBDIR_set=
ac_cv_env_PKG_CONFIG_LIBDIR_value=
ac_cv_env_PKG_CONFIG_PATH_set=
ac_cv_env_PKG_CONFIG_PATH_value=
ac_cv_env_PKG_CONFIG_set=
ac_cv_env_PKG_CONFIG_value=
ac_cv_env_XML_CFLAGS_set=
ac_cv_env_XML_CFLAGS_value=
ac_cv_env_XML_LIBS_set=
ac_cv_env_XML_LIBS_value=
ac_cv_env_ZLIB_CFLAGS_set=
ac_cv_env_ZLIB_CFLAGS_value=
ac_cv_env_ZLIB_LIBS_set=
ac_cv_env_ZLIB_LIBS_value=
ac_cv_env_build_alias_set=
ac_cv_env_build_alias_value=
ac_cv_env_host_alias_set=
ac_cv_env_host_alias_value=
ac_cv_env_target_alias_set=
ac_cv_env_target_alias_value=
ac_cv_func_malloc_0_nonnull=yes
ac_cv_func_pow=yes
ac_cv_func_realloc_0_nonnull=yes
ac_cv_func_sqrt=yes
ac_cv_header_float_h=yes
ac_cv_header_inttypes_h=yes
ac_cv_header_memory_h=yes
ac_cv_header_stdc=yes
ac_cv_header_stdint_h=yes
ac_cv_header_stdlib_h=yes
ac_cv_header_string_h=yes
ac_cv_header_strings_h=yes
ac_cv_header_sys_stat_h=yes
ac_cv_header_sys_types_h=yes
ac_cv_header_unistd_h=yes
ac_cv_lib_m_main=yes
ac_cv_objext=o
ac_cv_path_EGREP='/bin/grep -E'
ac_cv_path_GREP=/bin/grep
ac_cv_path_ac_pt_PKG_CONFIG=/usr/bin/pkg-config
ac_cv_path_install='/usr/bin/install -c'
ac_cv_path_mkdir=/bin/mkdir
ac_cv_prog_AWK=mawk
ac_cv_prog_CPP='gcc -E'
ac_cv_prog_ac_ct_CC=gcc
ac_cv_prog_ac_ct_CXX=g++
ac_cv_prog_c_openmp=-fopenmp
ac_cv_prog_cc_c89=
ac_cv_prog_cc_g=yes
ac_cv_prog_cc_gcc_c_o=yes
ac_cv_prog_cxx_g=yes
ac_cv_prog_make_make_set=yes
ac_cv_type_size_t=yes
am_cv_CC_dependencies_compiler_type=gcc3
am_cv_CXX_dependencies_compiler_type=gcc3
am_cv_make_support_nested_variables=yes
am_cv_prog_cc_c_o=yes
pkg_cv_XML_CFLAGS=-I/usr/include/libxml2
pkg_cv_XML_LIBS=-lxml2
pkg_cv_ZLIB_CFLAGS=
pkg_cv_ZLIB_LIBS=-lz

## ----------------- ##
## Output variables. ##
## ----------------- ##

ACLOCAL='${SHELL} /home/jkleinj/develop/POPScomp/POPSC/missing aclocal-1.15'
AMDEPBACKSLASH='\'
AMDEP_FALSE='#'
AMDEP_TRUE=''
AMTAR='$${TAR-tar}'
AM_BACKSLASH='\'
AM_DEFAULT_V='$(AM_DEFAULT_VERBOSITY)'
AM_DEFAULT_VERBOSITY='1'
AM_V='$(V)'
AUTOCONF='${SHELL} /home/jkleinj/develop/POPScomp/POPSC/missing autoconf'
AUTOHEADER='${SHELL} /home/jkleinj/develop/POPScomp/POPSC/missing autoheader'
AUTOMAKE='${SHELL} /home/jkleinj/develop/POPScomp/POPSC/missing automake-1.15'
AWK='mawk'
CC='gcc'
CCDEPMODE='depmode=gcc3'
CFLAGS='-g -O2'
CPP='gcc -E'
CPPFLAGS=''
CXX='g++'
CXXDEPMODE='depmode=gcc3'
CXXFLAGS='-g -O2'
CYGPATH_W='echo'
DEFS='-DHAVE_CONFIG_H'
DEPDIR='.deps'
ECHO_C=''
ECHO_N='-n'
ECHO_T=''
EGREP='/bin/grep -E'
EXEEXT=''
GREP='/bin/grep'
INSTALL_DATA='${INSTALL} -m 644'
INSTALL_PROGRAM='${INSTALL}'
INSTALL_SCRIPT='${INSTALL}'
INSTALL_STRIP_PROGRAM='$(install_sh) -c -s'
LDFLAGS=''
LIBOBJS=''
LIBS='-lm '
LTLIBOBJS=''
MAKEINFO='${SHELL} /home/jkleinj/develop/POPScomp/POPSC/missing makeinfo'
MKDIR_P='/bin/mkdir -p'
OBJEXT='o'
OPENMP_CFLAGS='-fopenmp'
PACKAGE='pops'
PACKAGE_BUGREPORT='jens@jkleinj.eu'
PACKAGE_NAME='pops'
PACKAGE_STRING='pops 3.1.5'
PACKAGE_TARNAME='pops'
PACKAGE_URL=''
PACKAGE_VERSION='3.1.5'
PATH_SEPARATOR=':'
PKG_CONFIG='/usr/bin/pkg-config'
PKG_CONFIG_LIBDIR=''
PKG_CONFIG_PATH=''
SET_MAKE=''
SHELL='/bin/bash'
STRIP=''
VERSION='3.1.5'
XML_CFLAGS='-I/usr/include/libxml2'
XML_LIBS='-lxml2'
ZLIB_CFLAGS=''
ZLIB_LIBS='-lz'
ac_ct_CC='gcc'
ac_ct_CXX='g++'
am__EXEEXT_FALSE=''
am__EXEEXT_TRUE='#'
am__fastdepCC_FALSE='#'
am__fastdepCC_TRUE=''
am__fastdepCXX_FALSE='#'
am__fastdepCXX_TRUE=''
am__include='include'
am__isrc=''
am__leading_dot='.'
am__nodep='_no'
am__quote=''
am__tar='$${TAR-tar} chof - "$$tardir"'
am__untar='$${TAR-tar} xf -'
bindir='${exec_prefix}/bin'
build_alias=''
datadir='${datarootdir}'
datarootdir='${prefix}/share'
docdir='${datarootdir}/doc/${PACKAGE_TARNAME}'
dvidir='${docdir}'
exec_prefix='${prefix}'
host_alias=''
htmldir='${docdir}'
includedir='${prefix}/include'
infodir='${datarootdir}/info'
install_sh='${SHELL} /home/jkleinj/develop/POPScomp/POPSC/install-sh'
libdir='${exec_prefix}/lib'
libexecdir='${exec_prefix}/libexec'
localedir='${datarootdir}/locale'
localstatedir='${prefix}/var'
mandir='${datarootdir}/man'
mkdir_p='$(MKDIR_P)'
oldincludedir='/usr/include'
pdfdir='${docdir}'
prefix='/usr/local'
program_transform_name='s,x,x,'
psdir='${docdir}'
runstatedir='${localstatedir}/run'
sbindir='${exec_prefix}/sbin'
sharedstatedir='${prefix}/com'
sysconfdir='${prefix}/etc'
target_alias=''

## ----------- ##
## confdefs.h. ##
## ----------- ##

/* confdefs.h */
#define PACKAGE_NAME "pops"
#define PACKAGE_TARNAME "pops"
#define PACKAGE_VERSION "3.1.5"
#define PACKAGE_STRING "pops 3.1.5"
#define PACKAGE_BUGREPORT "jens@jkleinj.eu"
#define PACKAGE_URL ""
#define PACKAGE "pops"
#define VERSION "3.1.5"
#define HAVE_LIBM 1
#define STDC_HEADERS 1
#define HAVE_SYS_TYPES_H 1
#define HAVE_SYS_STAT_H 1
#define HAVE_STDLIB_H 1
#define HAVE_STRING_H 1
#define HAVE_MEMORY_H 1
#define HAVE_STRINGS_H 1
#define HAVE_INTTYPES_H 1
#define HAVE_STDINT_H 1
#define HAVE_UNISTD_H 1
#define HAVE_FLOAT_H 1
#define HAVE_STDLIB_H 1
#define HAVE_STRING_H 1
#define HAVE_STDLIB_H 1
#define HAVE_MALLOC 1
#define HAVE_STDLIB_H 1
#define HAVE_REALLOC 1
#define HAVE_POW 1
#define HAVE_SQRT 1
#define DEBUG 0

configure: exit 0

## ---------------------- ##
## Running config.status. ##
## ---------------------- ##

This file was extended by pops config.status 3.1.5, which was
generated by GNU Autoconf 2.69.  Invocation command line was

  CONFIG_FILES    = 
  CONFIG_HEADERS  = 
  CONFIG_LINKS    = 
  CONFIG_COMMANDS = 
  $ ./config.status src/config.h

on ac

config.status:880: creating src/config.h
config.status:1061: src/config.h is unchanged
